This is pdfTeX, Version 3.141592653-2.6-1.40.24 (TeX Live 2022/Arch Linux) (preloaded format=pdflatex 2022.10.20)  25 OCT 2022 05:15
entering extended mode
 restricted \write18 enabled.
 file:line:error style messages enabled.
 %&-line parsing enabled.
**/home/ash/Documents/Year3_Group_Project/report/main.tex
(/home/ash/Documents/Year3_Group_Project/report/main.tex
LaTeX2e <2021-11-15> patch level 1
L3 programming layer <2022-04-10> (/usr/share/texmf-dist/tex/latex/base/article.cls
Document Class: article 2021/10/04 v1.4n Standard LaTeX document class
(/usr/share/texmf-dist/tex/latex/base/size12.clo
File: size12.clo 2021/10/04 v1.4n Standard LaTeX file (size option)
)
\c@part=\count185
\c@section=\count186
\c@subsection=\count187
\c@subsubsection=\count188
\c@paragraph=\count189
\c@subparagraph=\count190
\c@figure=\count191
\c@table=\count192
\abovecaptionskip=\skip47
\belowcaptionskip=\skip48
\bibindent=\dimen138
) (/usr/share/texmf-dist/tex/latex/base/inputenc.sty
Package: inputenc 2021/02/14 v1.3d Input encoding file
\inpenc@prehook=\toks16
\inpenc@posthook=\toks17
) (/usr/share/texmf-dist/tex/latex/geometry/geometry.sty
Package: geometry 2020/01/02 v5.9 Page Geometry
 (/usr/share/texmf-dist/tex/latex/graphics/keyval.sty
Package: keyval 2014/10/28 v1.15 key=value parser (DPC)
\KV@toks@=\toks18
) (/usr/share/texmf-dist/tex/generic/iftex/ifvtex.sty
Package: ifvtex 2019/10/25 v1.7 ifvtex legacy package. Use iftex instead.
 (/usr/share/texmf-dist/tex/generic/iftex/iftex.sty
Package: iftex 2022/02/03 v1.0f TeX engine tests
))
\Gm@cnth=\count193
\Gm@cntv=\count194
\c@Gm@tempcnt=\count195
\Gm@bindingoffset=\dimen139
\Gm@wd@mp=\dimen140
\Gm@odd@mp=\dimen141
\Gm@even@mp=\dimen142
\Gm@layoutwidth=\dimen143
\Gm@layoutheight=\dimen144
\Gm@layouthoffset=\dimen145
\Gm@layoutvoffset=\dimen146
\Gm@dimlist=\toks19
) (/usr/share/texmf-dist/tex/latex/fancyhdr/fancyhdr.sty
Package: fancyhdr 2021/01/28 v4.0.1 Extensive control of page headers and footers
\f@nch@headwidth=\skip49
\f@nch@O@elh=\skip50
\f@nch@O@erh=\skip51
\f@nch@O@olh=\skip52
\f@nch@O@orh=\skip53
\f@nch@O@elf=\skip54
\f@nch@O@erf=\skip55
\f@nch@O@olf=\skip56
\f@nch@O@orf=\skip57
) (/usr/share/texmf-dist/tex/latex/graphics/graphicx.sty
Package: graphicx 2021/09/16 v1.2d Enhanced LaTeX Graphics (DPC,SPQR)
 (/usr/share/texmf-dist/tex/latex/graphics/graphics.sty
Package: graphics 2021/03/04 v1.4d Standard LaTeX Graphics (DPC,SPQR)
 (/usr/share/texmf-dist/tex/latex/graphics/trig.sty
Package: trig 2021/08/11 v1.11 sin cos tan (DPC)
) (/usr/share/texmf-dist/tex/latex/graphics-cfg/graphics.cfg
File: graphics.cfg 2016/06/04 v1.11 sample graphics configuration
)
Package graphics Info: Driver file: pdftex.def on input line 107.
 (/usr/share/texmf-dist/tex/latex/graphics-def/pdftex.def
File: pdftex.def 2020/10/05 v1.2a Graphics/color driver for pdftex
))
\Gin@req@height=\dimen147
\Gin@req@width=\dimen148
) (/usr/share/texmf-dist/tex/latex/pdfpages/pdfpages.sty
Package: pdfpages 2022/01/29 v0.5u Insert pages of external PDF documents (AM)
 (/usr/share/texmf-dist/tex/latex/base/ifthen.sty
Package: ifthen 2020/11/24 v1.1c Standard LaTeX ifthen package (DPC)
) (/usr/share/texmf-dist/tex/latex/tools/calc.sty
Package: calc 2017/05/25 v4.3 Infix arithmetic (KKT,FJ)
\calc@Acount=\count196
\calc@Bcount=\count197
\calc@Adimen=\dimen149
\calc@Bdimen=\dimen150
\calc@Askip=\skip58
\calc@Bskip=\skip59
LaTeX Info: Redefining \setlength on input line 80.
LaTeX Info: Redefining \addtolength on input line 81.
\calc@Ccount=\count198
\calc@Cskip=\skip60
) (/usr/share/texmf-dist/tex/latex/eso-pic/eso-pic.sty
Package: eso-pic 2020/10/14 v3.0a eso-pic (RN)
\ESO@tempdima=\dimen151
\ESO@tempdimb=\dimen152
 (/usr/share/texmf-dist/tex/latex/xcolor/xcolor.sty
Package: xcolor 2021/10/31 v2.13 LaTeX color extensions (UK)
 (/usr/share/texmf-dist/tex/latex/graphics-cfg/color.cfg
File: color.cfg 2016/01/02 v1.6 sample color configuration
)
Package xcolor Info: Driver file: pdftex.def on input line 227.
Package xcolor Info: Model `cmy' substituted by `cmy0' on input line 1352.
Package xcolor Info: Model `hsb' substituted by `rgb' on input line 1356.
Package xcolor Info: Model `RGB' extended on input line 1368.
Package xcolor Info: Model `HTML' substituted by `rgb' on input line 1370.
Package xcolor Info: Model `Hsb' substituted by `hsb' on input line 1371.
Package xcolor Info: Model `tHsb' substituted by `hsb' on input line 1372.
Package xcolor Info: Model `HSB' substituted by `hsb' on input line 1373.
Package xcolor Info: Model `Gray' substituted by `gray' on input line 1374.
Package xcolor Info: Model `wave' substituted by `hsb' on input line 1375.
))
\AM@pagewidth=\dimen153
\AM@pageheight=\dimen154
\AM@fboxrule=\dimen155
 (/usr/share/texmf-dist/tex/latex/pdfpages/pppdftex.def
File: pppdftex.def 2022/01/29 v0.5u Pdfpages driver for pdfTeX (AM)
)
\pdfpages@includegraphics@status=\count199
\AM@pagebox=\box50
\AM@global@opts=\toks20
\AM@pagecnt=\count266
\AM@toc@title=\toks21
\c@AM@survey=\count267
\AM@templatesizebox=\box51
) (/usr/share/texmf-dist/tex/latex/amsmath/amsmath.sty
Package: amsmath 2021/10/15 v2.17l AMS math features
\@mathmargin=\skip61

For additional information on amsmath, use the `?' option.
(/usr/share/texmf-dist/tex/latex/amsmath/amstext.sty
Package: amstext 2021/08/26 v2.01 AMS text
 (/usr/share/texmf-dist/tex/latex/amsmath/amsgen.sty
File: amsgen.sty 1999/11/30 v2.0 generic functions
\@emptytoks=\toks22
\ex@=\dimen156
)) (/usr/share/texmf-dist/tex/latex/amsmath/amsbsy.sty
Package: amsbsy 1999/11/29 v1.2d Bold Symbols
\pmbraise@=\dimen157
) (/usr/share/texmf-dist/tex/latex/amsmath/amsopn.sty
Package: amsopn 2021/08/26 v2.02 operator names
)
\inf@bad=\count268
LaTeX Info: Redefining \frac on input line 234.
\uproot@=\count269
\leftroot@=\count270
LaTeX Info: Redefining \overline on input line 399.
\classnum@=\count271
\DOTSCASE@=\count272
LaTeX Info: Redefining \ldots on input line 496.
LaTeX Info: Redefining \dots on input line 499.
LaTeX Info: Redefining \cdots on input line 620.
\Mathstrutbox@=\box52
\strutbox@=\box53
\big@size=\dimen158
LaTeX Font Info:    Redeclaring font encoding OML on input line 743.
LaTeX Font Info:    Redeclaring font encoding OMS on input line 744.
\macc@depth=\count273
\c@MaxMatrixCols=\count274
\dotsspace@=\muskip16
\c@parentequation=\count275
\dspbrk@lvl=\count276
\tag@help=\toks23
\row@=\count277
\column@=\count278
\maxfields@=\count279
\andhelp@=\toks24
\eqnshift@=\dimen159
\alignsep@=\dimen160
\tagshift@=\dimen161
\tagwidth@=\dimen162
\totwidth@=\dimen163
\lineht@=\dimen164
\@envbody=\toks25
\multlinegap=\skip62
\multlinetaggap=\skip63
\mathdisplay@stack=\toks26
LaTeX Info: Redefining \[ on input line 2938.
LaTeX Info: Redefining \] on input line 2939.
) (/usr/share/texmf-dist/tex/latex/float/float.sty
Package: float 2001/11/08 v1.3d Float enhancements (AL)
\c@float@type=\count280
\float@exts=\toks27
\float@box=\box54
\@float@everytoks=\toks28
\@floatcapt=\box55
) (/usr/share/texmf-dist/tex/latex/l3backend/l3backend-pdftex.def
File: l3backend-pdftex.def 2022-04-14 L3 backend support: PDF output (pdfTeX)
\l__color_backend_stack_int=\count281
\l__pdf_internal_box=\box56
) (./main.aux)
\openout1 = `main.aux'.

LaTeX Font Info:    Checking defaults for OML/cmm/m/it on input line 23.
LaTeX Font Info:    ... okay on input line 23.
LaTeX Font Info:    Checking defaults for OMS/cmsy/m/n on input line 23.
LaTeX Font Info:    ... okay on input line 23.
LaTeX Font Info:    Checking defaults for OT1/cmr/m/n on input line 23.
LaTeX Font Info:    ... okay on input line 23.
LaTeX Font Info:    Checking defaults for T1/cmr/m/n on input line 23.
LaTeX Font Info:    ... okay on input line 23.
LaTeX Font Info:    Checking defaults for TS1/cmr/m/n on input line 23.
LaTeX Font Info:    ... okay on input line 23.
LaTeX Font Info:    Checking defaults for OMX/cmex/m/n on input line 23.
LaTeX Font Info:    ... okay on input line 23.
LaTeX Font Info:    Checking defaults for U/cmr/m/n on input line 23.
LaTeX Font Info:    ... okay on input line 23.

*geometry* driver: auto-detecting
*geometry* detected driver: pdftex
*geometry* verbose mode - [ preamble ] result:
* driver: pdftex
* paper: a4paper
* layout: <same size as paper>
* layoutoffset:(h,v)=(0.0pt,0.0pt)
* modes: 
* h-part:(L,W,R)=(42.67914pt, 512.1496pt, 42.67914pt)
* v-part:(T,H,B)=(79.66771pt, 685.71143pt, 79.66771pt)
* \paperwidth=597.50787pt
* \paperheight=845.04684pt
* \textwidth=512.1496pt
* \textheight=685.71143pt
* \oddsidemargin=-29.59085pt
* \evensidemargin=-29.59085pt
* \topmargin=-29.60228pt
* \headheight=12.0pt
* \headsep=25.0pt
* \topskip=12.0pt
* \footskip=30.0pt
* \marginparwidth=44.0pt
* \marginparsep=10.0pt
* \columnsep=10.0pt
* \skip\footins=10.8pt plus 4.0pt minus 2.0pt
* \hoffset=0.0pt
* \voffset=0.0pt
* \mag=1000
* \@twocolumnfalse
* \@twosidefalse
* \@mparswitchfalse
* \@reversemarginfalse
* (1in=72.27pt=25.4mm, 1cm=28.453pt)

(/usr/share/texmf-dist/tex/context/base/mkii/supp-pdf.mkii
[Loading MPS to PDF converter (version 2006.09.02).]
\scratchcounter=\count282
\scratchdimen=\dimen165
\scratchbox=\box57
\nofMPsegments=\count283
\nofMParguments=\count284
\everyMPshowfont=\toks29
\MPscratchCnt=\count285
\MPscratchDim=\dimen166
\MPnumerator=\count286
\makeMPintoPDFobject=\count287
\everyMPtoPDFconversion=\toks30
) (/usr/share/texmf-dist/tex/latex/epstopdf-pkg/epstopdf-base.sty
Package: epstopdf-base 2020-01-24 v2.11 Base part for package epstopdf
Package epstopdf-base Info: Redefining graphics rule for `.eps' on input line 485.
 (/usr/share/texmf-dist/tex/latex/latexconfig/epstopdf-sys.cfg
File: epstopdf-sys.cfg 2010/07/13 v1.3 Configuration of (r)epstopdf for TeX Live
)) (/usr/share/texmf-dist/tex/latex/pdflscape/pdflscape.sty
Package: pdflscape 2019/12/05 v0.12 Display of landscape pages in PDF (HO)
 (/usr/share/texmf-dist/tex/latex/graphics/lscape.sty
Package: lscape 2020/05/28 v3.02 Landscape Pages (DPC)
)
Package pdflscape Info: Auto-detected driver: pdftex on input line 81.
) (./sections/Title.tex) (./sections/Overview.tex) (./sections/Technical.tex

Package fancyhdr Warning: \headheight is too small (12.0pt): 
(fancyhdr)                Make it at least 14.49998pt, for example:
(fancyhdr)                \setlength{\headheight}{14.49998pt}.
(fancyhdr)                You might also make \topmargin smaller to compensate:
(fancyhdr)                \addtolength{\topmargin}{-2.49998pt}.

[1{/var/lib/texmf/fonts/map/pdftex/updmap/pdftex.map}

]
<./images//block-diagram.png, id=8, 360.3645pt x 198.414pt>
File: ./images//block-diagram.png Graphic file (type png)
<use ./images//block-diagram.png>
Package pdftex.def Info: ./images//block-diagram.png  used on input line 28.
(pdftex.def)             Requested size: 256.0748pt x 140.99904pt.
) (./sections/Sustainability.tex) (./sections/Management.tex
<./images//gantt.png, id=10, 1742.51pt x 1093.08376pt>
File: ./images//gantt.png Graphic file (type png)
<use ./images//gantt.png>
Package pdftex.def Info: ./images//gantt.png  used on input line 8.
(pdftex.def)             Requested size: 338.0206pt x 212.0413pt.


Package fancyhdr Warning: \headheight is too small (12.0pt): 
(fancyhdr)                Make it at least 14.49998pt, for example:
(fancyhdr)                \setlength{\headheight}{14.49998pt}.
(fancyhdr)                You might also make \topmargin smaller to compensate:
(fancyhdr)                \addtolength{\topmargin}{-2.49998pt}.

[2 <./images//block-diagram.png>]
<./images//Risk-Managment.png, id=15, 232.61906pt x 144.16359pt>
File: ./images//Risk-Managment.png Graphic file (type png)
<use ./images//Risk-Managment.png>
Package pdftex.def Info: ./images//Risk-Managment.png  used on input line 15.
(pdftex.def)             Requested size: 338.0206pt x 209.50697pt.

Overfull \hbox (30.22398pt too wide) in paragraph at lines 29--30
[]\OT1/cmr/m/n/12 https://www.amazon.co.uk/Weight-Sensor-Weighing-Arduino-Raspberry-Black/dp/B07G29TKRH/ 
 []

)

Package fancyhdr Warning: \headheight is too small (12.0pt): 
(fancyhdr)                Make it at least 14.49998pt, for example:
(fancyhdr)                \setlength{\headheight}{14.49998pt}.
(fancyhdr)                You might also make \topmargin smaller to compensate:
(fancyhdr)                \addtolength{\topmargin}{-2.49998pt}.

[3 <./images//gantt.png> <./images//Risk-Managment.png>]
<Appendix/SAGE.pdf, id=23, 614.295pt x 794.97pt>
File: Appendix/SAGE.pdf Graphic file (type pdf)
<use Appendix/SAGE.pdf>
Package pdftex.def Info: Appendix/SAGE.pdf  used on input line 40.
(pdftex.def)             Requested size: 614.29349pt x 794.96806pt.
File: Appendix/SAGE.pdf Graphic file (type pdf)
<use Appendix/SAGE.pdf>
Package pdftex.def Info: Appendix/SAGE.pdf  used on input line 40.
(pdftex.def)             Requested size: 614.29349pt x 794.96806pt.
<Appendix/SAGE.pdf, id=26, page=1, 614.295pt x 794.97pt>
File: Appendix/SAGE.pdf Graphic file (type pdf)
<use Appendix/SAGE.pdf, page 1>
Package pdftex.def Info: Appendix/SAGE.pdf , page1 used on input line 40.
(pdftex.def)             Requested size: 614.29349pt x 794.96806pt.
File: Appendix/SAGE.pdf Graphic file (type pdf)
<use Appendix/SAGE.pdf, page 1>
Package pdftex.def Info: Appendix/SAGE.pdf , page1 used on input line 40.
(pdftex.def)             Requested size: 597.78697pt x 773.60669pt.
File: Appendix/SAGE.pdf Graphic file (type pdf)
<use Appendix/SAGE.pdf, page 1>
Package pdftex.def Info: Appendix/SAGE.pdf , page1 used on input line 40.
(pdftex.def)             Requested size: 597.78697pt x 773.60669pt.
File: Appendix/SAGE.pdf Graphic file (type pdf)
<use Appendix/SAGE.pdf, page 1>
Package pdftex.def Info: Appendix/SAGE.pdf , page1 used on input line 40.
(pdftex.def)             Requested size: 597.78697pt x 773.60669pt.
File: Appendix/SAGE.pdf Graphic file (type pdf)
<use Appendix/SAGE.pdf, page 1>
Package pdftex.def Info: Appendix/SAGE.pdf , page1 used on input line 40.
(pdftex.def)             Requested size: 597.78697pt x 773.60669pt.
 [4

 <./Appendix/SAGE.pdf>]
<Appendix/SAGE.pdf, id=52, page=2, 614.295pt x 794.97pt>
File: Appendix/SAGE.pdf Graphic file (type pdf)
<use Appendix/SAGE.pdf, page 2>
Package pdftex.def Info: Appendix/SAGE.pdf , page2 used on input line 40.
(pdftex.def)             Requested size: 597.78697pt x 773.60669pt.
File: Appendix/SAGE.pdf Graphic file (type pdf)
<use Appendix/SAGE.pdf, page 2>
Package pdftex.def Info: Appendix/SAGE.pdf , page2 used on input line 40.
(pdftex.def)             Requested size: 597.78697pt x 773.60669pt.
File: Appendix/SAGE.pdf Graphic file (type pdf)
<use Appendix/SAGE.pdf, page 2>
Package pdftex.def Info: Appendix/SAGE.pdf , page2 used on input line 40.
(pdftex.def)             Requested size: 597.78697pt x 773.60669pt.
 [5 <./Appendix/SAGE.pdf>]
<Appendix/SAGE.pdf, id=56, page=3, 614.295pt x 794.97pt>
File: Appendix/SAGE.pdf Graphic file (type pdf)
<use Appendix/SAGE.pdf, page 3>
Package pdftex.def Info: Appendix/SAGE.pdf , page3 used on input line 40.
(pdftex.def)             Requested size: 597.78697pt x 773.60669pt.
File: Appendix/SAGE.pdf Graphic file (type pdf)
<use Appendix/SAGE.pdf, page 3>
Package pdftex.def Info: Appendix/SAGE.pdf , page3 used on input line 40.
(pdftex.def)             Requested size: 597.78697pt x 773.60669pt.
File: Appendix/SAGE.pdf Graphic file (type pdf)
<use Appendix/SAGE.pdf, page 3>
Package pdftex.def Info: Appendix/SAGE.pdf , page3 used on input line 40.
(pdftex.def)             Requested size: 597.78697pt x 773.60669pt.
 [6 <./Appendix/SAGE.pdf>]
<Appendix/SAGE.pdf, id=60, page=4, 614.295pt x 794.97pt>
File: Appendix/SAGE.pdf Graphic file (type pdf)
<use Appendix/SAGE.pdf, page 4>
Package pdftex.def Info: Appendix/SAGE.pdf , page4 used on input line 40.
(pdftex.def)             Requested size: 597.78697pt x 773.60669pt.
File: Appendix/SAGE.pdf Graphic file (type pdf)
<use Appendix/SAGE.pdf, page 4>
Package pdftex.def Info: Appendix/SAGE.pdf , page4 used on input line 40.
(pdftex.def)             Requested size: 597.78697pt x 773.60669pt.
File: Appendix/SAGE.pdf Graphic file (type pdf)
<use Appendix/SAGE.pdf, page 4>
Package pdftex.def Info: Appendix/SAGE.pdf , page4 used on input line 40.
(pdftex.def)             Requested size: 597.78697pt x 773.60669pt.
 [7 <./Appendix/SAGE.pdf>]
<Appendix/SAGE.pdf, id=65, page=5, 614.295pt x 794.97pt>
File: Appendix/SAGE.pdf Graphic file (type pdf)
<use Appendix/SAGE.pdf, page 5>
Package pdftex.def Info: Appendix/SAGE.pdf , page5 used on input line 40.
(pdftex.def)             Requested size: 597.78697pt x 773.60669pt.
File: Appendix/SAGE.pdf Graphic file (type pdf)
<use Appendix/SAGE.pdf, page 5>
Package pdftex.def Info: Appendix/SAGE.pdf , page5 used on input line 40.
(pdftex.def)             Requested size: 597.78697pt x 773.60669pt.
File: Appendix/SAGE.pdf Graphic file (type pdf)
<use Appendix/SAGE.pdf, page 5>
Package pdftex.def Info: Appendix/SAGE.pdf , page5 used on input line 40.
(pdftex.def)             Requested size: 597.78697pt x 773.60669pt.
 [8 <./Appendix/SAGE.pdf>]
<Appendix/SAGE.pdf, id=69, page=6, 614.295pt x 794.97pt>
File: Appendix/SAGE.pdf Graphic file (type pdf)
<use Appendix/SAGE.pdf, page 6>
Package pdftex.def Info: Appendix/SAGE.pdf , page6 used on input line 40.
(pdftex.def)             Requested size: 597.78697pt x 773.60669pt.
File: Appendix/SAGE.pdf Graphic file (type pdf)
<use Appendix/SAGE.pdf, page 6>
Package pdftex.def Info: Appendix/SAGE.pdf , page6 used on input line 40.
(pdftex.def)             Requested size: 597.78697pt x 773.60669pt.
File: Appendix/SAGE.pdf Graphic file (type pdf)
<use Appendix/SAGE.pdf, page 6>
Package pdftex.def Info: Appendix/SAGE.pdf , page6 used on input line 40.
(pdftex.def)             Requested size: 597.78697pt x 773.60669pt.
 [9 <./Appendix/SAGE.pdf>]
<Appendix/SAGE.pdf, id=73, page=7, 614.295pt x 794.97pt>
File: Appendix/SAGE.pdf Graphic file (type pdf)
<use Appendix/SAGE.pdf, page 7>
Package pdftex.def Info: Appendix/SAGE.pdf , page7 used on input line 40.
(pdftex.def)             Requested size: 597.78697pt x 773.60669pt.
File: Appendix/SAGE.pdf Graphic file (type pdf)
<use Appendix/SAGE.pdf, page 7>
Package pdftex.def Info: Appendix/SAGE.pdf , page7 used on input line 40.
(pdftex.def)             Requested size: 597.78697pt x 773.60669pt.
File: Appendix/SAGE.pdf Graphic file (type pdf)
<use Appendix/SAGE.pdf, page 7>
Package pdftex.def Info: Appendix/SAGE.pdf , page7 used on input line 40.
(pdftex.def)             Requested size: 597.78697pt x 773.60669pt.
 [10 <./Appendix/SAGE.pdf>]
<Appendix/SAGE.pdf, id=77, page=8, 614.295pt x 794.97pt>
File: Appendix/SAGE.pdf Graphic file (type pdf)
<use Appendix/SAGE.pdf, page 8>
Package pdftex.def Info: Appendix/SAGE.pdf , page8 used on input line 40.
(pdftex.def)             Requested size: 597.78697pt x 773.60669pt.
File: Appendix/SAGE.pdf Graphic file (type pdf)
<use Appendix/SAGE.pdf, page 8>
Package pdftex.def Info: Appendix/SAGE.pdf , page8 used on input line 40.
(pdftex.def)             Requested size: 597.78697pt x 773.60669pt.
File: Appendix/SAGE.pdf Graphic file (type pdf)
<use Appendix/SAGE.pdf, page 8>
Package pdftex.def Info: Appendix/SAGE.pdf , page8 used on input line 40.
(pdftex.def)             Requested size: 597.78697pt x 773.60669pt.
 [11 <./Appendix/SAGE.pdf>]
<Appendix/SAGE.pdf, id=81, page=9, 614.295pt x 794.97pt>
File: Appendix/SAGE.pdf Graphic file (type pdf)
<use Appendix/SAGE.pdf, page 9>
Package pdftex.def Info: Appendix/SAGE.pdf , page9 used on input line 40.
(pdftex.def)             Requested size: 597.78697pt x 773.60669pt.
File: Appendix/SAGE.pdf Graphic file (type pdf)
<use Appendix/SAGE.pdf, page 9>
Package pdftex.def Info: Appendix/SAGE.pdf , page9 used on input line 40.
(pdftex.def)             Requested size: 597.78697pt x 773.60669pt.
File: Appendix/SAGE.pdf Graphic file (type pdf)
<use Appendix/SAGE.pdf, page 9>
Package pdftex.def Info: Appendix/SAGE.pdf , page9 used on input line 40.
(pdftex.def)             Requested size: 597.78697pt x 773.60669pt.
 [12 <./Appendix/SAGE.pdf>]
<Appendix/SAGE.pdf, id=85, page=10, 614.295pt x 794.97pt>
File: Appendix/SAGE.pdf Graphic file (type pdf)
<use Appendix/SAGE.pdf, page 10>
Package pdftex.def Info: Appendix/SAGE.pdf , page10 used on input line 40.
(pdftex.def)             Requested size: 597.78697pt x 773.60669pt.
File: Appendix/SAGE.pdf Graphic file (type pdf)
<use Appendix/SAGE.pdf, page 10>
Package pdftex.def Info: Appendix/SAGE.pdf , page10 used on input line 40.
(pdftex.def)             Requested size: 597.78697pt x 773.60669pt.
File: Appendix/SAGE.pdf Graphic file (type pdf)
<use Appendix/SAGE.pdf, page 10>
Package pdftex.def Info: Appendix/SAGE.pdf , page10 used on input line 40.
(pdftex.def)             Requested size: 597.78697pt x 773.60669pt.
 [13 <./Appendix/SAGE.pdf>]
<Appendix/SAGE.pdf, id=90, page=11, 614.295pt x 794.97pt>
File: Appendix/SAGE.pdf Graphic file (type pdf)
<use Appendix/SAGE.pdf, page 11>
Package pdftex.def Info: Appendix/SAGE.pdf , page11 used on input line 40.
(pdftex.def)             Requested size: 597.78697pt x 773.60669pt.
File: Appendix/SAGE.pdf Graphic file (type pdf)
<use Appendix/SAGE.pdf, page 11>
Package pdftex.def Info: Appendix/SAGE.pdf , page11 used on input line 40.
(pdftex.def)             Requested size: 597.78697pt x 773.60669pt.
File: Appendix/SAGE.pdf Graphic file (type pdf)
<use Appendix/SAGE.pdf, page 11>
Package pdftex.def Info: Appendix/SAGE.pdf , page11 used on input line 40.
(pdftex.def)             Requested size: 597.78697pt x 773.60669pt.
 [14 <./Appendix/SAGE.pdf>]
<Appendix/SAGE.pdf, id=94, page=12, 614.295pt x 794.97pt>
File: Appendix/SAGE.pdf Graphic file (type pdf)
<use Appendix/SAGE.pdf, page 12>
Package pdftex.def Info: Appendix/SAGE.pdf , page12 used on input line 40.
(pdftex.def)             Requested size: 597.78697pt x 773.60669pt.
File: Appendix/SAGE.pdf Graphic file (type pdf)
<use Appendix/SAGE.pdf, page 12>
Package pdftex.def Info: Appendix/SAGE.pdf , page12 used on input line 40.
(pdftex.def)             Requested size: 597.78697pt x 773.60669pt.
File: Appendix/SAGE.pdf Graphic file (type pdf)
<use Appendix/SAGE.pdf, page 12>
Package pdftex.def Info: Appendix/SAGE.pdf , page12 used on input line 40.
(pdftex.def)             Requested size: 597.78697pt x 773.60669pt.
 [15 <./Appendix/SAGE.pdf>]
<Appendix/SAGE.pdf, id=98, page=13, 614.295pt x 794.97pt>
File: Appendix/SAGE.pdf Graphic file (type pdf)
<use Appendix/SAGE.pdf, page 13>
Package pdftex.def Info: Appendix/SAGE.pdf , page13 used on input line 40.
(pdftex.def)             Requested size: 597.78697pt x 773.60669pt.
File: Appendix/SAGE.pdf Graphic file (type pdf)
<use Appendix/SAGE.pdf, page 13>
Package pdftex.def Info: Appendix/SAGE.pdf , page13 used on input line 40.
(pdftex.def)             Requested size: 597.78697pt x 773.60669pt.
File: Appendix/SAGE.pdf Graphic file (type pdf)
<use Appendix/SAGE.pdf, page 13>
Package pdftex.def Info: Appendix/SAGE.pdf , page13 used on input line 40.
(pdftex.def)             Requested size: 597.78697pt x 773.60669pt.
 [16 <./Appendix/SAGE.pdf>]
<Appendix/SAGE.pdf, id=102, page=14, 614.295pt x 794.97pt>
File: Appendix/SAGE.pdf Graphic file (type pdf)
<use Appendix/SAGE.pdf, page 14>
Package pdftex.def Info: Appendix/SAGE.pdf , page14 used on input line 40.
(pdftex.def)             Requested size: 597.78697pt x 773.60669pt.
File: Appendix/SAGE.pdf Graphic file (type pdf)
<use Appendix/SAGE.pdf, page 14>
Package pdftex.def Info: Appendix/SAGE.pdf , page14 used on input line 40.
(pdftex.def)             Requested size: 597.78697pt x 773.60669pt.
File: Appendix/SAGE.pdf Graphic file (type pdf)
<use Appendix/SAGE.pdf, page 14>
Package pdftex.def Info: Appendix/SAGE.pdf , page14 used on input line 40.
(pdftex.def)             Requested size: 597.78697pt x 773.60669pt.
 [17 <./Appendix/SAGE.pdf>]

pdfTeX warning: pdflatex (file ./Appendix/EIA.pdf): PDF inclusion: found PDF version <1.7>, but at most version <1.5> allowed
<Appendix/EIA.pdf, id=106, 614.295pt x 794.97pt>
File: Appendix/EIA.pdf Graphic file (type pdf)
<use Appendix/EIA.pdf>
Package pdftex.def Info: Appendix/EIA.pdf  used on input line 41.
(pdftex.def)             Requested size: 614.29349pt x 794.96806pt.


pdfTeX warning: pdflatex (file ./Appendix/EIA.pdf): PDF inclusion: found PDF version <1.7>, but at most version <1.5> allowed
File: Appendix/EIA.pdf Graphic file (type pdf)
<use Appendix/EIA.pdf>
Package pdftex.def Info: Appendix/EIA.pdf  used on input line 41.
(pdftex.def)             Requested size: 614.29349pt x 794.96806pt.


pdfTeX warning: pdflatex (file ./Appendix/EIA.pdf): PDF inclusion: found PDF version <1.7>, but at most version <1.5> allowed


pdfTeX warning: pdflatex (file ./Appendix/EIA.pdf): PDF inclusion: found PDF version <1.7>, but at most version <1.5> allowed
<Appendix/EIA.pdf, id=109, page=1, 614.295pt x 794.97pt>
File: Appendix/EIA.pdf Graphic file (type pdf)
<use Appendix/EIA.pdf, page 1>
Package pdftex.def Info: Appendix/EIA.pdf , page1 used on input line 41.
(pdftex.def)             Requested size: 614.29349pt x 794.96806pt.
File: Appendix/EIA.pdf Graphic file (type pdf)
<use Appendix/EIA.pdf, page 1>
Package pdftex.def Info: Appendix/EIA.pdf , page1 used on input line 41.
(pdftex.def)             Requested size: 597.78697pt x 773.60669pt.
File: Appendix/EIA.pdf Graphic file (type pdf)
<use Appendix/EIA.pdf, page 1>
Package pdftex.def Info: Appendix/EIA.pdf , page1 used on input line 41.
(pdftex.def)             Requested size: 597.78697pt x 773.60669pt.
File: Appendix/EIA.pdf Graphic file (type pdf)
<use Appendix/EIA.pdf, page 1>
Package pdftex.def Info: Appendix/EIA.pdf , page1 used on input line 41.
(pdftex.def)             Requested size: 597.78697pt x 773.60669pt.
File: Appendix/EIA.pdf Graphic file (type pdf)
<use Appendix/EIA.pdf, page 1>
Package pdftex.def Info: Appendix/EIA.pdf , page1 used on input line 41.
(pdftex.def)             Requested size: 597.78697pt x 773.60669pt.
[18 <./Appendix/EIA.pdf>]

pdfTeX warning: pdflatex (file ./Appendix/EIA.pdf): PDF inclusion: found PDF version <1.7>, but at most version <1.5> allowed
<Appendix/EIA.pdf, id=130, page=2, 614.295pt x 794.97pt>
File: Appendix/EIA.pdf Graphic file (type pdf)
<use Appendix/EIA.pdf, page 2>
Package pdftex.def Info: Appendix/EIA.pdf , page2 used on input line 41.
(pdftex.def)             Requested size: 597.78697pt x 773.60669pt.
File: Appendix/EIA.pdf Graphic file (type pdf)
<use Appendix/EIA.pdf, page 2>
Package pdftex.def Info: Appendix/EIA.pdf , page2 used on input line 41.
(pdftex.def)             Requested size: 597.78697pt x 773.60669pt.
File: Appendix/EIA.pdf Graphic file (type pdf)
<use Appendix/EIA.pdf, page 2>
Package pdftex.def Info: Appendix/EIA.pdf , page2 used on input line 41.
(pdftex.def)             Requested size: 597.78697pt x 773.60669pt.
[19 <./Appendix/EIA.pdf>]

pdfTeX warning: pdflatex (file ./Appendix/EIA.pdf): PDF inclusion: found PDF version <1.7>, but at most version <1.5> allowed
<Appendix/EIA.pdf, id=144, page=3, 614.295pt x 794.97pt>
File: Appendix/EIA.pdf Graphic file (type pdf)
<use Appendix/EIA.pdf, page 3>
Package pdftex.def Info: Appendix/EIA.pdf , page3 used on input line 41.
(pdftex.def)             Requested size: 597.78697pt x 773.60669pt.
File: Appendix/EIA.pdf Graphic file (type pdf)
<use Appendix/EIA.pdf, page 3>
Package pdftex.def Info: Appendix/EIA.pdf , page3 used on input line 41.
(pdftex.def)             Requested size: 597.78697pt x 773.60669pt.
File: Appendix/EIA.pdf Graphic file (type pdf)
<use Appendix/EIA.pdf, page 3>
Package pdftex.def Info: Appendix/EIA.pdf , page3 used on input line 41.
(pdftex.def)             Requested size: 597.78697pt x 773.60669pt.
[20 <./Appendix/EIA.pdf>]

pdfTeX warning: pdflatex (file ./Appendix/EIA.pdf): PDF inclusion: found PDF version <1.7>, but at most version <1.5> allowed
<Appendix/EIA.pdf, id=149, page=4, 614.295pt x 794.97pt>
File: Appendix/EIA.pdf Graphic file (type pdf)
<use Appendix/EIA.pdf, page 4>
Package pdftex.def Info: Appendix/EIA.pdf , page4 used on input line 41.
(pdftex.def)             Requested size: 597.78697pt x 773.60669pt.
File: Appendix/EIA.pdf Graphic file (type pdf)
<use Appendix/EIA.pdf, page 4>
Package pdftex.def Info: Appendix/EIA.pdf , page4 used on input line 41.
(pdftex.def)             Requested size: 597.78697pt x 773.60669pt.
File: Appendix/EIA.pdf Graphic file (type pdf)
<use Appendix/EIA.pdf, page 4>
Package pdftex.def Info: Appendix/EIA.pdf , page4 used on input line 41.
(pdftex.def)             Requested size: 597.78697pt x 773.60669pt.
[21 <./Appendix/EIA.pdf>]

pdfTeX warning: pdflatex (file ./Appendix/DMP.pdf): PDF inclusion: found PDF version <1.7>, but at most version <1.5> allowed
<Appendix/DMP.pdf, id=154, 614.295pt x 794.97pt>
File: Appendix/DMP.pdf Graphic file (type pdf)
<use Appendix/DMP.pdf>
Package pdftex.def Info: Appendix/DMP.pdf  used on input line 42.
(pdftex.def)             Requested size: 614.29349pt x 794.96806pt.


pdfTeX warning: pdflatex (file ./Appendix/DMP.pdf): PDF inclusion: found PDF version <1.7>, but at most version <1.5> allowed
File: Appendix/DMP.pdf Graphic file (type pdf)
<use Appendix/DMP.pdf>
Package pdftex.def Info: Appendix/DMP.pdf  used on input line 42.
(pdftex.def)             Requested size: 614.29349pt x 794.96806pt.


pdfTeX warning: pdflatex (file ./Appendix/DMP.pdf): PDF inclusion: found PDF version <1.7>, but at most version <1.5> allowed


pdfTeX warning: pdflatex (file ./Appendix/DMP.pdf): PDF inclusion: found PDF version <1.7>, but at most version <1.5> allowed
<Appendix/DMP.pdf, id=157, page=1, 614.295pt x 794.97pt>
File: Appendix/DMP.pdf Graphic file (type pdf)
<use Appendix/DMP.pdf, page 1>
Package pdftex.def Info: Appendix/DMP.pdf , page1 used on input line 42.
(pdftex.def)             Requested size: 614.29349pt x 794.96806pt.
File: Appendix/DMP.pdf Graphic file (type pdf)
<use Appendix/DMP.pdf, page 1>
Package pdftex.def Info: Appendix/DMP.pdf , page1 used on input line 42.
(pdftex.def)             Requested size: 597.78697pt x 773.60669pt.
File: Appendix/DMP.pdf Graphic file (type pdf)
<use Appendix/DMP.pdf, page 1>
Package pdftex.def Info: Appendix/DMP.pdf , page1 used on input line 42.
(pdftex.def)             Requested size: 597.78697pt x 773.60669pt.
File: Appendix/DMP.pdf Graphic file (type pdf)
<use Appendix/DMP.pdf, page 1>
Package pdftex.def Info: Appendix/DMP.pdf , page1 used on input line 42.
(pdftex.def)             Requested size: 597.78697pt x 773.60669pt.
File: Appendix/DMP.pdf Graphic file (type pdf)
<use Appendix/DMP.pdf, page 1>
Package pdftex.def Info: Appendix/DMP.pdf , page1 used on input line 42.
(pdftex.def)             Requested size: 597.78697pt x 773.60669pt.
[22 <./Appendix/DMP.pdf>]

pdfTeX warning: pdflatex (file ./Appendix/DMP.pdf): PDF inclusion: found PDF version <1.7>, but at most version <1.5> allowed
<Appendix/DMP.pdf, id=187, page=2, 614.295pt x 794.97pt>
File: Appendix/DMP.pdf Graphic file (type pdf)
<use Appendix/DMP.pdf, page 2>
Package pdftex.def Info: Appendix/DMP.pdf , page2 used on input line 42.
(pdftex.def)             Requested size: 597.78697pt x 773.60669pt.
File: Appendix/DMP.pdf Graphic file (type pdf)
<use Appendix/DMP.pdf, page 2>
Package pdftex.def Info: Appendix/DMP.pdf , page2 used on input line 42.
(pdftex.def)             Requested size: 597.78697pt x 773.60669pt.
File: Appendix/DMP.pdf Graphic file (type pdf)
<use Appendix/DMP.pdf, page 2>
Package pdftex.def Info: Appendix/DMP.pdf , page2 used on input line 42.
(pdftex.def)             Requested size: 597.78697pt x 773.60669pt.
[23 <./Appendix/DMP.pdf>]

pdfTeX warning: pdflatex (file ./Appendix/DMP.pdf): PDF inclusion: found PDF version <1.7>, but at most version <1.5> allowed
<Appendix/DMP.pdf, id=200, page=3, 614.295pt x 794.97pt>
File: Appendix/DMP.pdf Graphic file (type pdf)
<use Appendix/DMP.pdf, page 3>
Package pdftex.def Info: Appendix/DMP.pdf , page3 used on input line 42.
(pdftex.def)             Requested size: 597.78697pt x 773.60669pt.
File: Appendix/DMP.pdf Graphic file (type pdf)
<use Appendix/DMP.pdf, page 3>
Package pdftex.def Info: Appendix/DMP.pdf , page3 used on input line 42.
(pdftex.def)             Requested size: 597.78697pt x 773.60669pt.
File: Appendix/DMP.pdf Graphic file (type pdf)
<use Appendix/DMP.pdf, page 3>
Package pdftex.def Info: Appendix/DMP.pdf , page3 used on input line 42.
(pdftex.def)             Requested size: 597.78697pt x 773.60669pt.
[24 <./Appendix/DMP.pdf>] (./sections/Appendix.tex

Package fancyhdr Warning: \headheight is too small (12.0pt): 
(fancyhdr)                Make it at least 14.49998pt, for example:
(fancyhdr)                \setlength{\headheight}{14.49998pt}.
(fancyhdr)                You might also make \topmargin smaller to compensate:
(fancyhdr)                \addtolength{\topmargin}{-2.49998pt}.

[25])

Package fancyhdr Warning: \headheight is too small (12.0pt): 
(fancyhdr)                Make it at least 14.49998pt, for example:
(fancyhdr)                \setlength{\headheight}{14.49998pt}.
(fancyhdr)                You might also make \topmargin smaller to compensate:
(fancyhdr)                \addtolength{\topmargin}{-2.49998pt}.

[26] (./main.aux) ) 
Here is how much of TeX's memory you used:
 4350 strings out of 478238
 68709 string characters out of 5850455
 377521 words of memory out of 5000000
 22522 multiletter control sequences out of 15000+600000
 474823 words of font info for 47 fonts, out of 8000000 for 9000
 1141 hyphenation exceptions out of 8191
 61i,17n,75p,435b,432s stack positions out of 5000i,500n,10000p,200000b,80000s
{/usr/share/texmf-dist/fonts/enc/dvips/cm-super/cm-super-ts1.enc}</usr/share/texmf-dist/fonts/type1/public/amsfonts/cm/cmbx12.pfb></usr/share/texmf-dist/fonts/type1/public/amsfonts/cm/cmmi12.pfb></usr/share/texmf-dist/fonts/type1/public/amsfonts/cm/cmr12.pfb></usr/share/texmf-dist/fonts/type1/public/amsfonts/cm/cmr8.pfb></usr/share/texmf-dist/fonts/type1/public/cm-super/sfrm1200.pfb>
Output written on main.pdf (26 pages, 1008211 bytes).
PDF statistics:
 236 PDF objects out of 1000 (max. 8388607)
 147 compressed objects within 2 object streams
 0 named destinations out of 1000 (max. 500000)
 166 words of extra memory for PDF output out of 10000 (max. 10000000)

