This is pdfTeX, Version 3.141592653-2.6-1.40.24 (TeX Live 2022/Arch Linux) (preloaded format=pdflatex 2022.10.20)  1 NOV 2022 10:42
entering extended mode
 restricted \write18 enabled.
 file:line:error style messages enabled.
 %&-line parsing enabled.
**/home/ash/Documents/Year3_Group_Project/report/main.tex
(/home/ash/Documents/Year3_Group_Project/report/main.tex
LaTeX2e <2021-11-15> patch level 1
L3 programming layer <2022-04-10> (/usr/share/texmf-dist/tex/latex/base/article.cls
Document Class: article 2021/10/04 v1.4n Standard LaTeX document class
(/usr/share/texmf-dist/tex/latex/base/size10.clo
File: size10.clo 2021/10/04 v1.4n Standard LaTeX file (size option)
)
\c@part=\count185
\c@section=\count186
\c@subsection=\count187
\c@subsubsection=\count188
\c@paragraph=\count189
\c@subparagraph=\count190
\c@figure=\count191
\c@table=\count192
\abovecaptionskip=\skip47
\belowcaptionskip=\skip48
\bibindent=\dimen138
) (/usr/share/texmf-dist/tex/latex/base/inputenc.sty
Package: inputenc 2021/02/14 v1.3d Input encoding file
\inpenc@prehook=\toks16
\inpenc@posthook=\toks17
) (/usr/share/texmf-dist/tex/latex/geometry/geometry.sty
Package: geometry 2020/01/02 v5.9 Page Geometry
 (/usr/share/texmf-dist/tex/latex/graphics/keyval.sty
Package: keyval 2014/10/28 v1.15 key=value parser (DPC)
\KV@toks@=\toks18
) (/usr/share/texmf-dist/tex/generic/iftex/ifvtex.sty
Package: ifvtex 2019/10/25 v1.7 ifvtex legacy package. Use iftex instead.
 (/usr/share/texmf-dist/tex/generic/iftex/iftex.sty
Package: iftex 2022/02/03 v1.0f TeX engine tests
))
\Gm@cnth=\count193
\Gm@cntv=\count194
\c@Gm@tempcnt=\count195
\Gm@bindingoffset=\dimen139
\Gm@wd@mp=\dimen140
\Gm@odd@mp=\dimen141
\Gm@even@mp=\dimen142
\Gm@layoutwidth=\dimen143
\Gm@layoutheight=\dimen144
\Gm@layouthoffset=\dimen145
\Gm@layoutvoffset=\dimen146
\Gm@dimlist=\toks19
) (/usr/share/texmf-dist/tex/latex/fancyhdr/fancyhdr.sty
Package: fancyhdr 2021/01/28 v4.0.1 Extensive control of page headers and footers
\f@nch@headwidth=\skip49
\f@nch@O@elh=\skip50
\f@nch@O@erh=\skip51
\f@nch@O@olh=\skip52
\f@nch@O@orh=\skip53
\f@nch@O@elf=\skip54
\f@nch@O@erf=\skip55
\f@nch@O@olf=\skip56
\f@nch@O@orf=\skip57
) (/usr/share/texmf-dist/tex/latex/graphics/graphicx.sty
Package: graphicx 2021/09/16 v1.2d Enhanced LaTeX Graphics (DPC,SPQR)
 (/usr/share/texmf-dist/tex/latex/graphics/graphics.sty
Package: graphics 2021/03/04 v1.4d Standard LaTeX Graphics (DPC,SPQR)
 (/usr/share/texmf-dist/tex/latex/graphics/trig.sty
Package: trig 2021/08/11 v1.11 sin cos tan (DPC)
) (/usr/share/texmf-dist/tex/latex/graphics-cfg/graphics.cfg
File: graphics.cfg 2016/06/04 v1.11 sample graphics configuration
)
Package graphics Info: Driver file: pdftex.def on input line 107.
 (/usr/share/texmf-dist/tex/latex/graphics-def/pdftex.def
File: pdftex.def 2020/10/05 v1.2a Graphics/color driver for pdftex
))
\Gin@req@height=\dimen147
\Gin@req@width=\dimen148
) (/usr/share/texmf-dist/tex/latex/pdfpages/pdfpages.sty
Package: pdfpages 2022/01/29 v0.5u Insert pages of external PDF documents (AM)
 (/usr/share/texmf-dist/tex/latex/base/ifthen.sty
Package: ifthen 2020/11/24 v1.1c Standard LaTeX ifthen package (DPC)
) (/usr/share/texmf-dist/tex/latex/tools/calc.sty
Package: calc 2017/05/25 v4.3 Infix arithmetic (KKT,FJ)
\calc@Acount=\count196
\calc@Bcount=\count197
\calc@Adimen=\dimen149
\calc@Bdimen=\dimen150
\calc@Askip=\skip58
\calc@Bskip=\skip59
LaTeX Info: Redefining \setlength on input line 80.
LaTeX Info: Redefining \addtolength on input line 81.
\calc@Ccount=\count198
\calc@Cskip=\skip60
) (/usr/share/texmf-dist/tex/latex/eso-pic/eso-pic.sty
Package: eso-pic 2020/10/14 v3.0a eso-pic (RN)
\ESO@tempdima=\dimen151
\ESO@tempdimb=\dimen152
 (/usr/share/texmf-dist/tex/latex/xcolor/xcolor.sty
Package: xcolor 2021/10/31 v2.13 LaTeX color extensions (UK)
 (/usr/share/texmf-dist/tex/latex/graphics-cfg/color.cfg
File: color.cfg 2016/01/02 v1.6 sample color configuration
)
Package xcolor Info: Driver file: pdftex.def on input line 227.
 (/usr/share/texmf-dist/tex/latex/colortbl/colortbl.sty
Package: colortbl 2020/01/04 v1.0e Color table columns (DPC)
 (/usr/share/texmf-dist/tex/latex/tools/array.sty
Package: array 2021/10/04 v2.5f Tabular extension package (FMi)
\col@sep=\dimen153
\ar@mcellbox=\box50
\extrarowheight=\dimen154
\NC@list=\toks20
\extratabsurround=\skip61
\backup@length=\skip62
\ar@cellbox=\box51
)
\everycr=\toks21
\minrowclearance=\skip63
)
\rownum=\count199
Package xcolor Info: Model `cmy' substituted by `cmy0' on input line 1352.
Package xcolor Info: Model `hsb' substituted by `rgb' on input line 1356.
Package xcolor Info: Model `RGB' extended on input line 1368.
Package xcolor Info: Model `HTML' substituted by `rgb' on input line 1370.
Package xcolor Info: Model `Hsb' substituted by `hsb' on input line 1371.
Package xcolor Info: Model `tHsb' substituted by `hsb' on input line 1372.
Package xcolor Info: Model `HSB' substituted by `hsb' on input line 1373.
Package xcolor Info: Model `Gray' substituted by `gray' on input line 1374.
Package xcolor Info: Model `wave' substituted by `hsb' on input line 1375.
))
\AM@pagewidth=\dimen155
\AM@pageheight=\dimen156
\AM@fboxrule=\dimen157
 (/usr/share/texmf-dist/tex/latex/pdfpages/pppdftex.def
File: pppdftex.def 2022/01/29 v0.5u Pdfpages driver for pdfTeX (AM)
)
\pdfpages@includegraphics@status=\count266
\AM@pagebox=\box52
\AM@global@opts=\toks22
\AM@pagecnt=\count267
\AM@toc@title=\toks23
\c@AM@survey=\count268
\AM@templatesizebox=\box53
) (/home/ash/texmf/tex/latex/pgfgantt/pgfgantt.sty
Package: pgfgantt 2018/01/10 v5.0 Draw Gantt diagrams with TikZ
 (/usr/share/texmf-dist/tex/latex/pgf/frontendlayer/tikz.sty (/usr/share/texmf-dist/tex/latex/pgf/basiclayer/pgf.sty (/usr/share/texmf-dist/tex/latex/pgf/utilities/pgfrcs.sty (/usr/share/texmf-dist/tex/generic/pgf/utilities/pgfutil-common.tex
\pgfutil@everybye=\toks24
\pgfutil@tempdima=\dimen158
\pgfutil@tempdimb=\dimen159
 (/usr/share/texmf-dist/tex/generic/pgf/utilities/pgfutil-common-lists.tex)) (/usr/share/texmf-dist/tex/generic/pgf/utilities/pgfutil-latex.def
\pgfutil@abb=\box54
) (/usr/share/texmf-dist/tex/generic/pgf/utilities/pgfrcs.code.tex (/usr/share/texmf-dist/tex/generic/pgf/pgf.revision.tex)
Package: pgfrcs 2021/05/15 v3.1.9a (3.1.9a)
))
Package: pgf 2021/05/15 v3.1.9a (3.1.9a)
 (/usr/share/texmf-dist/tex/latex/pgf/basiclayer/pgfcore.sty (/usr/share/texmf-dist/tex/latex/pgf/systemlayer/pgfsys.sty (/usr/share/texmf-dist/tex/generic/pgf/systemlayer/pgfsys.code.tex
Package: pgfsys 2021/05/15 v3.1.9a (3.1.9a)
 (/usr/share/texmf-dist/tex/generic/pgf/utilities/pgfkeys.code.tex
\pgfkeys@pathtoks=\toks25
\pgfkeys@temptoks=\toks26
 (/usr/share/texmf-dist/tex/generic/pgf/utilities/pgfkeysfiltered.code.tex
\pgfkeys@tmptoks=\toks27
))
\pgf@x=\dimen160
\pgf@y=\dimen161
\pgf@xa=\dimen162
\pgf@ya=\dimen163
\pgf@xb=\dimen164
\pgf@yb=\dimen165
\pgf@xc=\dimen166
\pgf@yc=\dimen167
\pgf@xd=\dimen168
\pgf@yd=\dimen169
\w@pgf@writea=\write3
\r@pgf@reada=\read2
\c@pgf@counta=\count269
\c@pgf@countb=\count270
\c@pgf@countc=\count271
\c@pgf@countd=\count272
\t@pgf@toka=\toks28
\t@pgf@tokb=\toks29
\t@pgf@tokc=\toks30
\pgf@sys@id@count=\count273
 (/usr/share/texmf-dist/tex/generic/pgf/systemlayer/pgf.cfg
File: pgf.cfg 2021/05/15 v3.1.9a (3.1.9a)
)
Driver file for pgf: pgfsys-pdftex.def
 (/usr/share/texmf-dist/tex/generic/pgf/systemlayer/pgfsys-pdftex.def
File: pgfsys-pdftex.def 2021/05/15 v3.1.9a (3.1.9a)
 (/usr/share/texmf-dist/tex/generic/pgf/systemlayer/pgfsys-common-pdf.def
File: pgfsys-common-pdf.def 2021/05/15 v3.1.9a (3.1.9a)
))) (/usr/share/texmf-dist/tex/generic/pgf/systemlayer/pgfsyssoftpath.code.tex
File: pgfsyssoftpath.code.tex 2021/05/15 v3.1.9a (3.1.9a)
\pgfsyssoftpath@smallbuffer@items=\count274
\pgfsyssoftpath@bigbuffer@items=\count275
) (/usr/share/texmf-dist/tex/generic/pgf/systemlayer/pgfsysprotocol.code.tex
File: pgfsysprotocol.code.tex 2021/05/15 v3.1.9a (3.1.9a)
)) (/usr/share/texmf-dist/tex/generic/pgf/basiclayer/pgfcore.code.tex
Package: pgfcore 2021/05/15 v3.1.9a (3.1.9a)
 (/usr/share/texmf-dist/tex/generic/pgf/math/pgfmath.code.tex (/usr/share/texmf-dist/tex/generic/pgf/math/pgfmathcalc.code.tex (/usr/share/texmf-dist/tex/generic/pgf/math/pgfmathutil.code.tex) (/usr/share/texmf-dist/tex/generic/pgf/math/pgfmathparser.code.tex
\pgfmath@dimen=\dimen170
\pgfmath@count=\count276
\pgfmath@box=\box55
\pgfmath@toks=\toks31
\pgfmath@stack@operand=\toks32
\pgfmath@stack@operation=\toks33
) (/usr/share/texmf-dist/tex/generic/pgf/math/pgfmathfunctions.code.tex (/usr/share/texmf-dist/tex/generic/pgf/math/pgfmathfunctions.basic.code.tex) (/usr/share/texmf-dist/tex/generic/pgf/math/pgfmathfunctions.trigonometric.code.tex) (/usr/share/texmf-dist/tex/generic/pgf/math/pgfmathfunctions.random.code.tex) (/usr/share/texmf-dist/tex/generic/pgf/math/pgfmathfunctions.comparison.code.tex) (/usr/share/texmf-dist/tex/generic/pgf/math/pgfmathfunctions.base.code.tex) (/usr/share/texmf-dist/tex/generic/pgf/math/pgfmathfunctions.round.code.tex) (/usr/share/texmf-dist/tex/generic/pgf/math/pgfmathfunctions.misc.code.tex) (/usr/share/texmf-dist/tex/generic/pgf/math/pgfmathfunctions.integerarithmetics.code.tex))) (/usr/share/texmf-dist/tex/generic/pgf/math/pgfmathfloat.code.tex
\c@pgfmathroundto@lastzeros=\count277
)) (/usr/share/texmf-dist/tex/generic/pgf/math/pgfint.code.tex) (/usr/share/texmf-dist/tex/generic/pgf/basiclayer/pgfcorepoints.code.tex
File: pgfcorepoints.code.tex 2021/05/15 v3.1.9a (3.1.9a)
\pgf@picminx=\dimen171
\pgf@picmaxx=\dimen172
\pgf@picminy=\dimen173
\pgf@picmaxy=\dimen174
\pgf@pathminx=\dimen175
\pgf@pathmaxx=\dimen176
\pgf@pathminy=\dimen177
\pgf@pathmaxy=\dimen178
\pgf@xx=\dimen179
\pgf@xy=\dimen180
\pgf@yx=\dimen181
\pgf@yy=\dimen182
\pgf@zx=\dimen183
\pgf@zy=\dimen184
) (/usr/share/texmf-dist/tex/generic/pgf/basiclayer/pgfcorepathconstruct.code.tex
File: pgfcorepathconstruct.code.tex 2021/05/15 v3.1.9a (3.1.9a)
\pgf@path@lastx=\dimen185
\pgf@path@lasty=\dimen186
) (/usr/share/texmf-dist/tex/generic/pgf/basiclayer/pgfcorepathusage.code.tex
File: pgfcorepathusage.code.tex 2021/05/15 v3.1.9a (3.1.9a)
\pgf@shorten@end@additional=\dimen187
\pgf@shorten@start@additional=\dimen188
) (/usr/share/texmf-dist/tex/generic/pgf/basiclayer/pgfcorescopes.code.tex
File: pgfcorescopes.code.tex 2021/05/15 v3.1.9a (3.1.9a)
\pgfpic=\box56
\pgf@hbox=\box57
\pgf@layerbox@main=\box58
\pgf@picture@serial@count=\count278
) (/usr/share/texmf-dist/tex/generic/pgf/basiclayer/pgfcoregraphicstate.code.tex
File: pgfcoregraphicstate.code.tex 2021/05/15 v3.1.9a (3.1.9a)
\pgflinewidth=\dimen189
) (/usr/share/texmf-dist/tex/generic/pgf/basiclayer/pgfcoretransformations.code.tex
File: pgfcoretransformations.code.tex 2021/05/15 v3.1.9a (3.1.9a)
\pgf@pt@x=\dimen190
\pgf@pt@y=\dimen191
\pgf@pt@temp=\dimen192
) (/usr/share/texmf-dist/tex/generic/pgf/basiclayer/pgfcorequick.code.tex
File: pgfcorequick.code.tex 2021/05/15 v3.1.9a (3.1.9a)
) (/usr/share/texmf-dist/tex/generic/pgf/basiclayer/pgfcoreobjects.code.tex
File: pgfcoreobjects.code.tex 2021/05/15 v3.1.9a (3.1.9a)
) (/usr/share/texmf-dist/tex/generic/pgf/basiclayer/pgfcorepathprocessing.code.tex
File: pgfcorepathprocessing.code.tex 2021/05/15 v3.1.9a (3.1.9a)
) (/usr/share/texmf-dist/tex/generic/pgf/basiclayer/pgfcorearrows.code.tex
File: pgfcorearrows.code.tex 2021/05/15 v3.1.9a (3.1.9a)
\pgfarrowsep=\dimen193
) (/usr/share/texmf-dist/tex/generic/pgf/basiclayer/pgfcoreshade.code.tex
File: pgfcoreshade.code.tex 2021/05/15 v3.1.9a (3.1.9a)
\pgf@max=\dimen194
\pgf@sys@shading@range@num=\count279
\pgf@shadingcount=\count280
) (/usr/share/texmf-dist/tex/generic/pgf/basiclayer/pgfcoreimage.code.tex
File: pgfcoreimage.code.tex 2021/05/15 v3.1.9a (3.1.9a)
 (/usr/share/texmf-dist/tex/generic/pgf/basiclayer/pgfcoreexternal.code.tex
File: pgfcoreexternal.code.tex 2021/05/15 v3.1.9a (3.1.9a)
\pgfexternal@startupbox=\box59
)) (/usr/share/texmf-dist/tex/generic/pgf/basiclayer/pgfcorelayers.code.tex
File: pgfcorelayers.code.tex 2021/05/15 v3.1.9a (3.1.9a)
) (/usr/share/texmf-dist/tex/generic/pgf/basiclayer/pgfcoretransparency.code.tex
File: pgfcoretransparency.code.tex 2021/05/15 v3.1.9a (3.1.9a)
) (/usr/share/texmf-dist/tex/generic/pgf/basiclayer/pgfcorepatterns.code.tex
File: pgfcorepatterns.code.tex 2021/05/15 v3.1.9a (3.1.9a)
) (/usr/share/texmf-dist/tex/generic/pgf/basiclayer/pgfcorerdf.code.tex
File: pgfcorerdf.code.tex 2021/05/15 v3.1.9a (3.1.9a)
))) (/usr/share/texmf-dist/tex/generic/pgf/modules/pgfmoduleshapes.code.tex
File: pgfmoduleshapes.code.tex 2021/05/15 v3.1.9a (3.1.9a)
\pgfnodeparttextbox=\box60
) (/usr/share/texmf-dist/tex/generic/pgf/modules/pgfmoduleplot.code.tex
File: pgfmoduleplot.code.tex 2021/05/15 v3.1.9a (3.1.9a)
) (/usr/share/texmf-dist/tex/latex/pgf/compatibility/pgfcomp-version-0-65.sty
Package: pgfcomp-version-0-65 2021/05/15 v3.1.9a (3.1.9a)
\pgf@nodesepstart=\dimen195
\pgf@nodesepend=\dimen196
) (/usr/share/texmf-dist/tex/latex/pgf/compatibility/pgfcomp-version-1-18.sty
Package: pgfcomp-version-1-18 2021/05/15 v3.1.9a (3.1.9a)
)) (/usr/share/texmf-dist/tex/latex/pgf/utilities/pgffor.sty (/usr/share/texmf-dist/tex/latex/pgf/utilities/pgfkeys.sty (/usr/share/texmf-dist/tex/generic/pgf/utilities/pgfkeys.code.tex)) (/usr/share/texmf-dist/tex/latex/pgf/math/pgfmath.sty (/usr/share/texmf-dist/tex/generic/pgf/math/pgfmath.code.tex)) (/usr/share/texmf-dist/tex/generic/pgf/utilities/pgffor.code.tex
Package: pgffor 2021/05/15 v3.1.9a (3.1.9a)
 (/usr/share/texmf-dist/tex/generic/pgf/math/pgfmath.code.tex)
\pgffor@iter=\dimen197
\pgffor@skip=\dimen198
\pgffor@stack=\toks34
\pgffor@toks=\toks35
)) (/usr/share/texmf-dist/tex/generic/pgf/frontendlayer/tikz/tikz.code.tex
Package: tikz 2021/05/15 v3.1.9a (3.1.9a)
 (/usr/share/texmf-dist/tex/generic/pgf/libraries/pgflibraryplothandlers.code.tex
File: pgflibraryplothandlers.code.tex 2021/05/15 v3.1.9a (3.1.9a)
\pgf@plot@mark@count=\count281
\pgfplotmarksize=\dimen199
)
\tikz@lastx=\dimen256
\tikz@lasty=\dimen257
\tikz@lastxsaved=\dimen258
\tikz@lastysaved=\dimen259
\tikz@lastmovetox=\dimen260
\tikz@lastmovetoy=\dimen261
\tikzleveldistance=\dimen262
\tikzsiblingdistance=\dimen263
\tikz@figbox=\box61
\tikz@figbox@bg=\box62
\tikz@tempbox=\box63
\tikz@tempbox@bg=\box64
\tikztreelevel=\count282
\tikznumberofchildren=\count283
\tikznumberofcurrentchild=\count284
\tikz@fig@count=\count285
 (/usr/share/texmf-dist/tex/generic/pgf/modules/pgfmodulematrix.code.tex
File: pgfmodulematrix.code.tex 2021/05/15 v3.1.9a (3.1.9a)
\pgfmatrixcurrentrow=\count286
\pgfmatrixcurrentcolumn=\count287
\pgf@matrix@numberofcolumns=\count288
)
\tikz@expandcount=\count289
 (/usr/share/texmf-dist/tex/generic/pgf/frontendlayer/tikz/libraries/tikzlibrarytopaths.code.tex
File: tikzlibrarytopaths.code.tex 2021/05/15 v3.1.9a (3.1.9a)
))) (/usr/share/texmf-dist/tex/generic/pgf/frontendlayer/tikz/libraries/tikzlibraryarrows.code.tex
File: tikzlibraryarrows.code.tex 2021/05/15 v3.1.9a (3.1.9a)
 (/usr/share/texmf-dist/tex/generic/pgf/libraries/pgflibraryarrows.code.tex
File: pgflibraryarrows.code.tex 2021/05/15 v3.1.9a (3.1.9a)
\arrowsize=\dimen264
)) (/usr/share/texmf-dist/tex/generic/pgf/frontendlayer/tikz/libraries/tikzlibrarybackgrounds.code.tex
File: tikzlibrarybackgrounds.code.tex 2021/05/15 v3.1.9a (3.1.9a)
\pgf@layerbox@background=\box65
\pgf@layerboxsaved@background=\box66
) (/usr/share/texmf-dist/tex/generic/pgf/frontendlayer/tikz/libraries/tikzlibrarycalc.code.tex
File: tikzlibrarycalc.code.tex 2021/05/15 v3.1.9a (3.1.9a)
) (/usr/share/texmf-dist/tex/generic/pgf/frontendlayer/tikz/libraries/tikzlibrarypatterns.code.tex
File: tikzlibrarypatterns.code.tex 2021/05/15 v3.1.9a (3.1.9a)
 (/usr/share/texmf-dist/tex/generic/pgf/libraries/pgflibrarypatterns.code.tex
File: pgflibrarypatterns.code.tex 2021/05/15 v3.1.9a (3.1.9a)
)) (/usr/share/texmf-dist/tex/generic/pgf/frontendlayer/tikz/libraries/tikzlibrarypositioning.code.tex
File: tikzlibrarypositioning.code.tex 2021/05/15 v3.1.9a (3.1.9a)
) (/usr/share/texmf-dist/tex/generic/pgf/frontendlayer/tikz/libraries/tikzlibraryshapes.geometric.code.tex
File: tikzlibraryshapes.geometric.code.tex 2021/05/15 v3.1.9a (3.1.9a)
 (/usr/share/texmf-dist/tex/generic/pgf/libraries/shapes/pgflibraryshapes.geometric.code.tex
File: pgflibraryshapes.geometric.code.tex 2021/05/15 v3.1.9a (3.1.9a)
)) (/usr/share/texmf-dist/tex/latex/pgf/utilities/pgfcalendar.sty (/usr/share/texmf-dist/tex/generic/pgf/utilities/pgfcalendar.code.tex
File: pgfcalendar.code.tex 2021/05/15 v3.1.9a (3.1.9a)
 (/usr/share/texmf-dist/tex/generic/pgf/math/pgfint.code.tex)
\pgfcalendarcurrentjulian=\count290
\pgf@cal@easter@Y=\count291
\pgf@cal@easter@G=\count292
\pgf@cal@easter@C=\count293
\pgf@cal@easter@X=\count294
\pgf@cal@easter@Z=\count295
\pgf@cal@easter@D=\count296
\pgf@cal@easter@E=\count297
\pgf@cal@easter@N=\count298
\pgf@cal@easter@M=\count299
\pgf@cal@easter@julianday=\count300
))
\gtt@currentline=\count301
\gtt@lasttitleline=\count302
\gtt@currgrid=\count303
\gtt@chartwidth=\count304
\gtt@lasttitleslot=\count305
\gtt@elementid=\count306
\gtt@today@slot=\count307
\gtt@startjulian=\count308
\gtt@endjulian=\count309
\gtt@chartid=\count310
\gtt@vrule@slot=\count311
\gtt@calendar@slots=\count312
\gtt@calendar@weeknumber=\count313
\gtt@calendar@startofweek=\count314
\gtt@left@slot=\count315
\gtt@right@slot=\count316
) (/usr/share/texmf-dist/tex/latex/amsmath/amsmath.sty
Package: amsmath 2021/10/15 v2.17l AMS math features
\@mathmargin=\skip64

For additional information on amsmath, use the `?' option.
(/usr/share/texmf-dist/tex/latex/amsmath/amstext.sty
Package: amstext 2021/08/26 v2.01 AMS text
 (/usr/share/texmf-dist/tex/latex/amsmath/amsgen.sty
File: amsgen.sty 1999/11/30 v2.0 generic functions
\@emptytoks=\toks36
\ex@=\dimen265
)) (/usr/share/texmf-dist/tex/latex/amsmath/amsbsy.sty
Package: amsbsy 1999/11/29 v1.2d Bold Symbols
\pmbraise@=\dimen266
) (/usr/share/texmf-dist/tex/latex/amsmath/amsopn.sty
Package: amsopn 2021/08/26 v2.02 operator names
)
\inf@bad=\count317
LaTeX Info: Redefining \frac on input line 234.
\uproot@=\count318
\leftroot@=\count319
LaTeX Info: Redefining \overline on input line 399.
\classnum@=\count320
\DOTSCASE@=\count321
LaTeX Info: Redefining \ldots on input line 496.
LaTeX Info: Redefining \dots on input line 499.
LaTeX Info: Redefining \cdots on input line 620.
\Mathstrutbox@=\box67
\strutbox@=\box68
\big@size=\dimen267
LaTeX Font Info:    Redeclaring font encoding OML on input line 743.
LaTeX Font Info:    Redeclaring font encoding OMS on input line 744.
\macc@depth=\count322
\c@MaxMatrixCols=\count323
\dotsspace@=\muskip16
\c@parentequation=\count324
\dspbrk@lvl=\count325
\tag@help=\toks37
\row@=\count326
\column@=\count327
\maxfields@=\count328
\andhelp@=\toks38
\eqnshift@=\dimen268
\alignsep@=\dimen269
\tagshift@=\dimen270
\tagwidth@=\dimen271
\totwidth@=\dimen272
\lineht@=\dimen273
\@envbody=\toks39
\multlinegap=\skip65
\multlinetaggap=\skip66
\mathdisplay@stack=\toks40
LaTeX Info: Redefining \[ on input line 2938.
LaTeX Info: Redefining \] on input line 2939.
) (/usr/share/texmf-dist/tex/latex/float/float.sty
Package: float 2001/11/08 v1.3d Float enhancements (AL)
\c@float@type=\count329
\float@exts=\toks41
\float@box=\box69
\@float@everytoks=\toks42
\@floatcapt=\box70
) (/usr/share/texmf-dist/tex/latex/xltabular/xltabular.sty
Package: xltabular 2020/11/04 v0.2e `xltabular' package (hv,RN)
 (/usr/share/texmf-dist/tex/latex/tools/tabularx.sty
Package: tabularx 2020/01/15 v2.11c `tabularx' package (DPC)
\TX@col@width=\dimen274
\TX@old@table=\dimen275
\TX@old@col=\dimen276
\TX@target=\dimen277
\TX@delta=\dimen278
\TX@cols=\count330
\TX@ftn=\toks43
) (/usr/share/texmf-dist/tex/latex/ltablex/ltablex.sty
Package: ltablex 2014/08/13 v1.1 Modified tabularx
 (/usr/share/texmf-dist/tex/latex/tools/longtable.sty
Package: longtable 2021-09-01 v4.17 Multi-page Table package (DPC)
\LTleft=\skip67
\LTright=\skip68
\LTpre=\skip69
\LTpost=\skip70
\LTchunksize=\count331
\LTcapwidth=\dimen279
\LT@head=\box71
\LT@firsthead=\box72
\LT@foot=\box73
\LT@lastfoot=\box74
\LT@gbox=\box75
\LT@cols=\count332
\LT@rows=\count333
\c@LT@tables=\count334
\c@LT@chunks=\count335
\LT@p@ftn=\toks44
))) (/usr/share/texmf-dist/tex/latex/l3backend/l3backend-pdftex.def
File: l3backend-pdftex.def 2022-04-14 L3 backend support: PDF output (pdfTeX)
\l__color_backend_stack_int=\count336
\l__pdf_internal_box=\box76
) (./main.aux)
\openout1 = `main.aux'.

LaTeX Font Info:    Checking defaults for OML/cmm/m/it on input line 25.
LaTeX Font Info:    ... okay on input line 25.
LaTeX Font Info:    Checking defaults for OMS/cmsy/m/n on input line 25.
LaTeX Font Info:    ... okay on input line 25.
LaTeX Font Info:    Checking defaults for OT1/cmr/m/n on input line 25.
LaTeX Font Info:    ... okay on input line 25.
LaTeX Font Info:    Checking defaults for T1/cmr/m/n on input line 25.
LaTeX Font Info:    ... okay on input line 25.
LaTeX Font Info:    Checking defaults for TS1/cmr/m/n on input line 25.
LaTeX Font Info:    ... okay on input line 25.
LaTeX Font Info:    Checking defaults for OMX/cmex/m/n on input line 25.
LaTeX Font Info:    ... okay on input line 25.
LaTeX Font Info:    Checking defaults for U/cmr/m/n on input line 25.
LaTeX Font Info:    ... okay on input line 25.

*geometry* driver: auto-detecting
*geometry* detected driver: pdftex
*geometry* verbose mode - [ preamble ] result:
* driver: pdftex
* paper: a4paper
* layout: <same size as paper>
* layoutoffset:(h,v)=(0.0pt,0.0pt)
* modes: 
* h-part:(L,W,R)=(35.56595pt, 526.37598pt, 35.56595pt)
* v-part:(T,H,B)=(51.21495pt, 742.61694pt, 51.21495pt)
* \paperwidth=597.50787pt
* \paperheight=845.04684pt
* \textwidth=526.37598pt
* \textheight=742.61694pt
* \oddsidemargin=-36.70404pt
* \evensidemargin=-36.70404pt
* \topmargin=-58.05504pt
* \headheight=12.0pt
* \headsep=25.0pt
* \topskip=10.0pt
* \footskip=30.0pt
* \marginparwidth=65.0pt
* \marginparsep=11.0pt
* \columnsep=10.0pt
* \skip\footins=9.0pt plus 4.0pt minus 2.0pt
* \hoffset=0.0pt
* \voffset=0.0pt
* \mag=1000
* \@twocolumnfalse
* \@twosidefalse
* \@mparswitchfalse
* \@reversemarginfalse
* (1in=72.27pt=25.4mm, 1cm=28.453pt)

(/usr/share/texmf-dist/tex/context/base/mkii/supp-pdf.mkii
[Loading MPS to PDF converter (version 2006.09.02).]
\scratchcounter=\count337
\scratchdimen=\dimen280
\scratchbox=\box77
\nofMPsegments=\count338
\nofMParguments=\count339
\everyMPshowfont=\toks45
\MPscratchCnt=\count340
\MPscratchDim=\dimen281
\MPnumerator=\count341
\makeMPintoPDFobject=\count342
\everyMPtoPDFconversion=\toks46
) (/usr/share/texmf-dist/tex/latex/epstopdf-pkg/epstopdf-base.sty
Package: epstopdf-base 2020-01-24 v2.11 Base part for package epstopdf
Package epstopdf-base Info: Redefining graphics rule for `.eps' on input line 485.
 (/usr/share/texmf-dist/tex/latex/latexconfig/epstopdf-sys.cfg
File: epstopdf-sys.cfg 2010/07/13 v1.3 Configuration of (r)epstopdf for TeX Live
)) (/usr/share/texmf-dist/tex/latex/pdflscape/pdflscape.sty
Package: pdflscape 2019/12/05 v0.12 Display of landscape pages in PDF (HO)
 (/usr/share/texmf-dist/tex/latex/graphics/lscape.sty
Package: lscape 2020/05/28 v3.02 Landscape Pages (DPC)
)
Package pdflscape Info: Auto-detected driver: pdftex on input line 81.
) (./sections/Title.tex) (./sections/Overview.tex) (./sections/Technical.tex
<./images//block-diagram_2.png, id=4, 820.18922pt x 432.86719pt>
File: ./images//block-diagram_2.png Graphic file (type png)
<use ./images//block-diagram_2.png>
Package pdftex.def Info: ./images//block-diagram_2.png  used on input line 5.
(pdftex.def)             Requested size: 394.78198pt x 208.35512pt.
 [1{/var/lib/texmf/fonts/map/pdftex/updmap/pdftex.map}

 <./images//block-diagram_2.png (PNG copy)>]) (./sections/Sustainability.tex) (./sections/Management.tex [2])
Overfull \hbox (9.13171pt too wide) in paragraph at lines 50--50
[]    \OT1/cmtt/m/n/8 https://www.digitalhealth.net/2022/04/digital-solutions-for-the-prevention-of-chronic-diseases/ [Accessed 27 October 2022][] 
 []


Overfull \hbox (30.38202pt too wide) in paragraph at lines 54--54
[]    \OT1/cmtt/m/n/8 https://www.fao.org/fileadmin/templates/nr/sustainability_pathways/docs/Factsheet_FOOD-WASTAGE.pdf. [Accessed 27 October 2022].[] 
 []

[3]
<Appendix/SAGE.pdf, id=28, 614.295pt x 794.97pt>
File: Appendix/SAGE.pdf Graphic file (type pdf)
<use Appendix/SAGE.pdf>
Package pdftex.def Info: Appendix/SAGE.pdf  used on input line 71.
(pdftex.def)             Requested size: 614.29349pt x 794.96806pt.
File: Appendix/SAGE.pdf Graphic file (type pdf)
<use Appendix/SAGE.pdf>
Package pdftex.def Info: Appendix/SAGE.pdf  used on input line 71.
(pdftex.def)             Requested size: 614.29349pt x 794.96806pt.
<Appendix/SAGE.pdf, id=31, page=1, 614.295pt x 794.97pt>
File: Appendix/SAGE.pdf Graphic file (type pdf)
<use Appendix/SAGE.pdf, page 1>
Package pdftex.def Info: Appendix/SAGE.pdf , page1 used on input line 71.
(pdftex.def)             Requested size: 614.29349pt x 794.96806pt.
File: Appendix/SAGE.pdf Graphic file (type pdf)
<use Appendix/SAGE.pdf, page 1>
Package pdftex.def Info: Appendix/SAGE.pdf , page1 used on input line 71.
(pdftex.def)             Requested size: 597.78697pt x 773.60669pt.
File: Appendix/SAGE.pdf Graphic file (type pdf)
<use Appendix/SAGE.pdf, page 1>
Package pdftex.def Info: Appendix/SAGE.pdf , page1 used on input line 71.
(pdftex.def)             Requested size: 597.78697pt x 773.60669pt.
File: Appendix/SAGE.pdf Graphic file (type pdf)
<use Appendix/SAGE.pdf, page 1>
Package pdftex.def Info: Appendix/SAGE.pdf , page1 used on input line 71.
(pdftex.def)             Requested size: 597.78697pt x 773.60669pt.
File: Appendix/SAGE.pdf Graphic file (type pdf)
<use Appendix/SAGE.pdf, page 1>
Package pdftex.def Info: Appendix/SAGE.pdf , page1 used on input line 71.
(pdftex.def)             Requested size: 597.78697pt x 773.60669pt.
 [4

 <./Appendix/SAGE.pdf>]
<Appendix/SAGE.pdf, id=57, page=2, 614.295pt x 794.97pt>
File: Appendix/SAGE.pdf Graphic file (type pdf)
<use Appendix/SAGE.pdf, page 2>
Package pdftex.def Info: Appendix/SAGE.pdf , page2 used on input line 71.
(pdftex.def)             Requested size: 597.78697pt x 773.60669pt.
File: Appendix/SAGE.pdf Graphic file (type pdf)
<use Appendix/SAGE.pdf, page 2>
Package pdftex.def Info: Appendix/SAGE.pdf , page2 used on input line 71.
(pdftex.def)             Requested size: 597.78697pt x 773.60669pt.
File: Appendix/SAGE.pdf Graphic file (type pdf)
<use Appendix/SAGE.pdf, page 2>
Package pdftex.def Info: Appendix/SAGE.pdf , page2 used on input line 71.
(pdftex.def)             Requested size: 597.78697pt x 773.60669pt.
 [5 <./Appendix/SAGE.pdf>]
<Appendix/SAGE.pdf, id=61, page=3, 614.295pt x 794.97pt>
File: Appendix/SAGE.pdf Graphic file (type pdf)
<use Appendix/SAGE.pdf, page 3>
Package pdftex.def Info: Appendix/SAGE.pdf , page3 used on input line 71.
(pdftex.def)             Requested size: 597.78697pt x 773.60669pt.
File: Appendix/SAGE.pdf Graphic file (type pdf)
<use Appendix/SAGE.pdf, page 3>
Package pdftex.def Info: Appendix/SAGE.pdf , page3 used on input line 71.
(pdftex.def)             Requested size: 597.78697pt x 773.60669pt.
File: Appendix/SAGE.pdf Graphic file (type pdf)
<use Appendix/SAGE.pdf, page 3>
Package pdftex.def Info: Appendix/SAGE.pdf , page3 used on input line 71.
(pdftex.def)             Requested size: 597.78697pt x 773.60669pt.
 [6 <./Appendix/SAGE.pdf>]
<Appendix/SAGE.pdf, id=65, page=4, 614.295pt x 794.97pt>
File: Appendix/SAGE.pdf Graphic file (type pdf)
<use Appendix/SAGE.pdf, page 4>
Package pdftex.def Info: Appendix/SAGE.pdf , page4 used on input line 71.
(pdftex.def)             Requested size: 597.78697pt x 773.60669pt.
File: Appendix/SAGE.pdf Graphic file (type pdf)
<use Appendix/SAGE.pdf, page 4>
Package pdftex.def Info: Appendix/SAGE.pdf , page4 used on input line 71.
(pdftex.def)             Requested size: 597.78697pt x 773.60669pt.
File: Appendix/SAGE.pdf Graphic file (type pdf)
<use Appendix/SAGE.pdf, page 4>
Package pdftex.def Info: Appendix/SAGE.pdf , page4 used on input line 71.
(pdftex.def)             Requested size: 597.78697pt x 773.60669pt.
 [7 <./Appendix/SAGE.pdf>]
<Appendix/SAGE.pdf, id=70, page=5, 614.295pt x 794.97pt>
File: Appendix/SAGE.pdf Graphic file (type pdf)
<use Appendix/SAGE.pdf, page 5>
Package pdftex.def Info: Appendix/SAGE.pdf , page5 used on input line 71.
(pdftex.def)             Requested size: 597.78697pt x 773.60669pt.
File: Appendix/SAGE.pdf Graphic file (type pdf)
<use Appendix/SAGE.pdf, page 5>
Package pdftex.def Info: Appendix/SAGE.pdf , page5 used on input line 71.
(pdftex.def)             Requested size: 597.78697pt x 773.60669pt.
File: Appendix/SAGE.pdf Graphic file (type pdf)
<use Appendix/SAGE.pdf, page 5>
Package pdftex.def Info: Appendix/SAGE.pdf , page5 used on input line 71.
(pdftex.def)             Requested size: 597.78697pt x 773.60669pt.
 [8 <./Appendix/SAGE.pdf>]
<Appendix/SAGE.pdf, id=74, page=6, 614.295pt x 794.97pt>
File: Appendix/SAGE.pdf Graphic file (type pdf)
<use Appendix/SAGE.pdf, page 6>
Package pdftex.def Info: Appendix/SAGE.pdf , page6 used on input line 71.
(pdftex.def)             Requested size: 597.78697pt x 773.60669pt.
File: Appendix/SAGE.pdf Graphic file (type pdf)
<use Appendix/SAGE.pdf, page 6>
Package pdftex.def Info: Appendix/SAGE.pdf , page6 used on input line 71.
(pdftex.def)             Requested size: 597.78697pt x 773.60669pt.
File: Appendix/SAGE.pdf Graphic file (type pdf)
<use Appendix/SAGE.pdf, page 6>
Package pdftex.def Info: Appendix/SAGE.pdf , page6 used on input line 71.
(pdftex.def)             Requested size: 597.78697pt x 773.60669pt.
 [9 <./Appendix/SAGE.pdf>]
<Appendix/SAGE.pdf, id=78, page=7, 614.295pt x 794.97pt>
File: Appendix/SAGE.pdf Graphic file (type pdf)
<use Appendix/SAGE.pdf, page 7>
Package pdftex.def Info: Appendix/SAGE.pdf , page7 used on input line 71.
(pdftex.def)             Requested size: 597.78697pt x 773.60669pt.
File: Appendix/SAGE.pdf Graphic file (type pdf)
<use Appendix/SAGE.pdf, page 7>
Package pdftex.def Info: Appendix/SAGE.pdf , page7 used on input line 71.
(pdftex.def)             Requested size: 597.78697pt x 773.60669pt.
File: Appendix/SAGE.pdf Graphic file (type pdf)
<use Appendix/SAGE.pdf, page 7>
Package pdftex.def Info: Appendix/SAGE.pdf , page7 used on input line 71.
(pdftex.def)             Requested size: 597.78697pt x 773.60669pt.
 [10 <./Appendix/SAGE.pdf>]
<Appendix/SAGE.pdf, id=82, page=8, 614.295pt x 794.97pt>
File: Appendix/SAGE.pdf Graphic file (type pdf)
<use Appendix/SAGE.pdf, page 8>
Package pdftex.def Info: Appendix/SAGE.pdf , page8 used on input line 71.
(pdftex.def)             Requested size: 597.78697pt x 773.60669pt.
File: Appendix/SAGE.pdf Graphic file (type pdf)
<use Appendix/SAGE.pdf, page 8>
Package pdftex.def Info: Appendix/SAGE.pdf , page8 used on input line 71.
(pdftex.def)             Requested size: 597.78697pt x 773.60669pt.
File: Appendix/SAGE.pdf Graphic file (type pdf)
<use Appendix/SAGE.pdf, page 8>
Package pdftex.def Info: Appendix/SAGE.pdf , page8 used on input line 71.
(pdftex.def)             Requested size: 597.78697pt x 773.60669pt.
 [11 <./Appendix/SAGE.pdf>]
<Appendix/SAGE.pdf, id=86, page=9, 614.295pt x 794.97pt>
File: Appendix/SAGE.pdf Graphic file (type pdf)
<use Appendix/SAGE.pdf, page 9>
Package pdftex.def Info: Appendix/SAGE.pdf , page9 used on input line 71.
(pdftex.def)             Requested size: 597.78697pt x 773.60669pt.
File: Appendix/SAGE.pdf Graphic file (type pdf)
<use Appendix/SAGE.pdf, page 9>
Package pdftex.def Info: Appendix/SAGE.pdf , page9 used on input line 71.
(pdftex.def)             Requested size: 597.78697pt x 773.60669pt.
File: Appendix/SAGE.pdf Graphic file (type pdf)
<use Appendix/SAGE.pdf, page 9>
Package pdftex.def Info: Appendix/SAGE.pdf , page9 used on input line 71.
(pdftex.def)             Requested size: 597.78697pt x 773.60669pt.
 [12 <./Appendix/SAGE.pdf>]
<Appendix/SAGE.pdf, id=90, page=10, 614.295pt x 794.97pt>
File: Appendix/SAGE.pdf Graphic file (type pdf)
<use Appendix/SAGE.pdf, page 10>
Package pdftex.def Info: Appendix/SAGE.pdf , page10 used on input line 71.
(pdftex.def)             Requested size: 597.78697pt x 773.60669pt.
File: Appendix/SAGE.pdf Graphic file (type pdf)
<use Appendix/SAGE.pdf, page 10>
Package pdftex.def Info: Appendix/SAGE.pdf , page10 used on input line 71.
(pdftex.def)             Requested size: 597.78697pt x 773.60669pt.
File: Appendix/SAGE.pdf Graphic file (type pdf)
<use Appendix/SAGE.pdf, page 10>
Package pdftex.def Info: Appendix/SAGE.pdf , page10 used on input line 71.
(pdftex.def)             Requested size: 597.78697pt x 773.60669pt.
 [13 <./Appendix/SAGE.pdf>]
<Appendix/SAGE.pdf, id=95, page=11, 614.295pt x 794.97pt>
File: Appendix/SAGE.pdf Graphic file (type pdf)
<use Appendix/SAGE.pdf, page 11>
Package pdftex.def Info: Appendix/SAGE.pdf , page11 used on input line 71.
(pdftex.def)             Requested size: 597.78697pt x 773.60669pt.
File: Appendix/SAGE.pdf Graphic file (type pdf)
<use Appendix/SAGE.pdf, page 11>
Package pdftex.def Info: Appendix/SAGE.pdf , page11 used on input line 71.
(pdftex.def)             Requested size: 597.78697pt x 773.60669pt.
File: Appendix/SAGE.pdf Graphic file (type pdf)
<use Appendix/SAGE.pdf, page 11>
Package pdftex.def Info: Appendix/SAGE.pdf , page11 used on input line 71.
(pdftex.def)             Requested size: 597.78697pt x 773.60669pt.
 [14 <./Appendix/SAGE.pdf>]
<Appendix/SAGE.pdf, id=99, page=12, 614.295pt x 794.97pt>
File: Appendix/SAGE.pdf Graphic file (type pdf)
<use Appendix/SAGE.pdf, page 12>
Package pdftex.def Info: Appendix/SAGE.pdf , page12 used on input line 71.
(pdftex.def)             Requested size: 597.78697pt x 773.60669pt.
File: Appendix/SAGE.pdf Graphic file (type pdf)
<use Appendix/SAGE.pdf, page 12>
Package pdftex.def Info: Appendix/SAGE.pdf , page12 used on input line 71.
(pdftex.def)             Requested size: 597.78697pt x 773.60669pt.
File: Appendix/SAGE.pdf Graphic file (type pdf)
<use Appendix/SAGE.pdf, page 12>
Package pdftex.def Info: Appendix/SAGE.pdf , page12 used on input line 71.
(pdftex.def)             Requested size: 597.78697pt x 773.60669pt.
 [15 <./Appendix/SAGE.pdf>]
<Appendix/SAGE.pdf, id=103, page=13, 614.295pt x 794.97pt>
File: Appendix/SAGE.pdf Graphic file (type pdf)
<use Appendix/SAGE.pdf, page 13>
Package pdftex.def Info: Appendix/SAGE.pdf , page13 used on input line 71.
(pdftex.def)             Requested size: 597.78697pt x 773.60669pt.
File: Appendix/SAGE.pdf Graphic file (type pdf)
<use Appendix/SAGE.pdf, page 13>
Package pdftex.def Info: Appendix/SAGE.pdf , page13 used on input line 71.
(pdftex.def)             Requested size: 597.78697pt x 773.60669pt.
File: Appendix/SAGE.pdf Graphic file (type pdf)
<use Appendix/SAGE.pdf, page 13>
Package pdftex.def Info: Appendix/SAGE.pdf , page13 used on input line 71.
(pdftex.def)             Requested size: 597.78697pt x 773.60669pt.
 [16 <./Appendix/SAGE.pdf>]
<Appendix/SAGE.pdf, id=107, page=14, 614.295pt x 794.97pt>
File: Appendix/SAGE.pdf Graphic file (type pdf)
<use Appendix/SAGE.pdf, page 14>
Package pdftex.def Info: Appendix/SAGE.pdf , page14 used on input line 71.
(pdftex.def)             Requested size: 597.78697pt x 773.60669pt.
File: Appendix/SAGE.pdf Graphic file (type pdf)
<use Appendix/SAGE.pdf, page 14>
Package pdftex.def Info: Appendix/SAGE.pdf , page14 used on input line 71.
(pdftex.def)             Requested size: 597.78697pt x 773.60669pt.
File: Appendix/SAGE.pdf Graphic file (type pdf)
<use Appendix/SAGE.pdf, page 14>
Package pdftex.def Info: Appendix/SAGE.pdf , page14 used on input line 71.
(pdftex.def)             Requested size: 597.78697pt x 773.60669pt.
 [17 <./Appendix/SAGE.pdf>]

pdfTeX warning: pdflatex (file ./Appendix/EIA.pdf): PDF inclusion: found PDF version <1.7>, but at most version <1.5> allowed
<Appendix/EIA.pdf, id=111, 614.295pt x 794.97pt>
File: Appendix/EIA.pdf Graphic file (type pdf)
<use Appendix/EIA.pdf>
Package pdftex.def Info: Appendix/EIA.pdf  used on input line 72.
(pdftex.def)             Requested size: 614.29349pt x 794.96806pt.


pdfTeX warning: pdflatex (file ./Appendix/EIA.pdf): PDF inclusion: found PDF version <1.7>, but at most version <1.5> allowed
File: Appendix/EIA.pdf Graphic file (type pdf)
<use Appendix/EIA.pdf>
Package pdftex.def Info: Appendix/EIA.pdf  used on input line 72.
(pdftex.def)             Requested size: 614.29349pt x 794.96806pt.


pdfTeX warning: pdflatex (file ./Appendix/EIA.pdf): PDF inclusion: found PDF version <1.7>, but at most version <1.5> allowed


pdfTeX warning: pdflatex (file ./Appendix/EIA.pdf): PDF inclusion: found PDF version <1.7>, but at most version <1.5> allowed
<Appendix/EIA.pdf, id=114, page=1, 614.295pt x 794.97pt>
File: Appendix/EIA.pdf Graphic file (type pdf)
<use Appendix/EIA.pdf, page 1>
Package pdftex.def Info: Appendix/EIA.pdf , page1 used on input line 72.
(pdftex.def)             Requested size: 614.29349pt x 794.96806pt.
File: Appendix/EIA.pdf Graphic file (type pdf)
<use Appendix/EIA.pdf, page 1>
Package pdftex.def Info: Appendix/EIA.pdf , page1 used on input line 72.
(pdftex.def)             Requested size: 597.78697pt x 773.60669pt.
File: Appendix/EIA.pdf Graphic file (type pdf)
<use Appendix/EIA.pdf, page 1>
Package pdftex.def Info: Appendix/EIA.pdf , page1 used on input line 72.
(pdftex.def)             Requested size: 597.78697pt x 773.60669pt.
File: Appendix/EIA.pdf Graphic file (type pdf)
<use Appendix/EIA.pdf, page 1>
Package pdftex.def Info: Appendix/EIA.pdf , page1 used on input line 72.
(pdftex.def)             Requested size: 597.78697pt x 773.60669pt.
File: Appendix/EIA.pdf Graphic file (type pdf)
<use Appendix/EIA.pdf, page 1>
Package pdftex.def Info: Appendix/EIA.pdf , page1 used on input line 72.
(pdftex.def)             Requested size: 597.78697pt x 773.60669pt.
[18 <./Appendix/EIA.pdf>]

pdfTeX warning: pdflatex (file ./Appendix/EIA.pdf): PDF inclusion: found PDF version <1.7>, but at most version <1.5> allowed
<Appendix/EIA.pdf, id=135, page=2, 614.295pt x 794.97pt>
File: Appendix/EIA.pdf Graphic file (type pdf)
<use Appendix/EIA.pdf, page 2>
Package pdftex.def Info: Appendix/EIA.pdf , page2 used on input line 72.
(pdftex.def)             Requested size: 597.78697pt x 773.60669pt.
File: Appendix/EIA.pdf Graphic file (type pdf)
<use Appendix/EIA.pdf, page 2>
Package pdftex.def Info: Appendix/EIA.pdf , page2 used on input line 72.
(pdftex.def)             Requested size: 597.78697pt x 773.60669pt.
File: Appendix/EIA.pdf Graphic file (type pdf)
<use Appendix/EIA.pdf, page 2>
Package pdftex.def Info: Appendix/EIA.pdf , page2 used on input line 72.
(pdftex.def)             Requested size: 597.78697pt x 773.60669pt.
[19 <./Appendix/EIA.pdf>]

pdfTeX warning: pdflatex (file ./Appendix/EIA.pdf): PDF inclusion: found PDF version <1.7>, but at most version <1.5> allowed
<Appendix/EIA.pdf, id=149, page=3, 614.295pt x 794.97pt>
File: Appendix/EIA.pdf Graphic file (type pdf)
<use Appendix/EIA.pdf, page 3>
Package pdftex.def Info: Appendix/EIA.pdf , page3 used on input line 72.
(pdftex.def)             Requested size: 597.78697pt x 773.60669pt.
File: Appendix/EIA.pdf Graphic file (type pdf)
<use Appendix/EIA.pdf, page 3>
Package pdftex.def Info: Appendix/EIA.pdf , page3 used on input line 72.
(pdftex.def)             Requested size: 597.78697pt x 773.60669pt.
File: Appendix/EIA.pdf Graphic file (type pdf)
<use Appendix/EIA.pdf, page 3>
Package pdftex.def Info: Appendix/EIA.pdf , page3 used on input line 72.
(pdftex.def)             Requested size: 597.78697pt x 773.60669pt.
[20 <./Appendix/EIA.pdf>]

pdfTeX warning: pdflatex (file ./Appendix/EIA.pdf): PDF inclusion: found PDF version <1.7>, but at most version <1.5> allowed
<Appendix/EIA.pdf, id=154, page=4, 614.295pt x 794.97pt>
File: Appendix/EIA.pdf Graphic file (type pdf)
<use Appendix/EIA.pdf, page 4>
Package pdftex.def Info: Appendix/EIA.pdf , page4 used on input line 72.
(pdftex.def)             Requested size: 597.78697pt x 773.60669pt.
File: Appendix/EIA.pdf Graphic file (type pdf)
<use Appendix/EIA.pdf, page 4>
Package pdftex.def Info: Appendix/EIA.pdf , page4 used on input line 72.
(pdftex.def)             Requested size: 597.78697pt x 773.60669pt.
File: Appendix/EIA.pdf Graphic file (type pdf)
<use Appendix/EIA.pdf, page 4>
Package pdftex.def Info: Appendix/EIA.pdf , page4 used on input line 72.
(pdftex.def)             Requested size: 597.78697pt x 773.60669pt.
[21 <./Appendix/EIA.pdf>]

pdfTeX warning: pdflatex (file ./Appendix/DMP.pdf): PDF inclusion: found PDF version <1.7>, but at most version <1.5> allowed
<Appendix/DMP.pdf, id=159, 614.295pt x 794.97pt>
File: Appendix/DMP.pdf Graphic file (type pdf)
<use Appendix/DMP.pdf>
Package pdftex.def Info: Appendix/DMP.pdf  used on input line 73.
(pdftex.def)             Requested size: 614.29349pt x 794.96806pt.


pdfTeX warning: pdflatex (file ./Appendix/DMP.pdf): PDF inclusion: found PDF version <1.7>, but at most version <1.5> allowed
File: Appendix/DMP.pdf Graphic file (type pdf)
<use Appendix/DMP.pdf>
Package pdftex.def Info: Appendix/DMP.pdf  used on input line 73.
(pdftex.def)             Requested size: 614.29349pt x 794.96806pt.


pdfTeX warning: pdflatex (file ./Appendix/DMP.pdf): PDF inclusion: found PDF version <1.7>, but at most version <1.5> allowed


pdfTeX warning: pdflatex (file ./Appendix/DMP.pdf): PDF inclusion: found PDF version <1.7>, but at most version <1.5> allowed
<Appendix/DMP.pdf, id=162, page=1, 614.295pt x 794.97pt>
File: Appendix/DMP.pdf Graphic file (type pdf)
<use Appendix/DMP.pdf, page 1>
Package pdftex.def Info: Appendix/DMP.pdf , page1 used on input line 73.
(pdftex.def)             Requested size: 614.29349pt x 794.96806pt.
File: Appendix/DMP.pdf Graphic file (type pdf)
<use Appendix/DMP.pdf, page 1>
Package pdftex.def Info: Appendix/DMP.pdf , page1 used on input line 73.
(pdftex.def)             Requested size: 597.78697pt x 773.60669pt.
File: Appendix/DMP.pdf Graphic file (type pdf)
<use Appendix/DMP.pdf, page 1>
Package pdftex.def Info: Appendix/DMP.pdf , page1 used on input line 73.
(pdftex.def)             Requested size: 597.78697pt x 773.60669pt.
File: Appendix/DMP.pdf Graphic file (type pdf)
<use Appendix/DMP.pdf, page 1>
Package pdftex.def Info: Appendix/DMP.pdf , page1 used on input line 73.
(pdftex.def)             Requested size: 597.78697pt x 773.60669pt.
File: Appendix/DMP.pdf Graphic file (type pdf)
<use Appendix/DMP.pdf, page 1>
Package pdftex.def Info: Appendix/DMP.pdf , page1 used on input line 73.
(pdftex.def)             Requested size: 597.78697pt x 773.60669pt.
[22 <./Appendix/DMP.pdf>]

pdfTeX warning: pdflatex (file ./Appendix/DMP.pdf): PDF inclusion: found PDF version <1.7>, but at most version <1.5> allowed
<Appendix/DMP.pdf, id=192, page=2, 614.295pt x 794.97pt>
File: Appendix/DMP.pdf Graphic file (type pdf)
<use Appendix/DMP.pdf, page 2>
Package pdftex.def Info: Appendix/DMP.pdf , page2 used on input line 73.
(pdftex.def)             Requested size: 597.78697pt x 773.60669pt.
File: Appendix/DMP.pdf Graphic file (type pdf)
<use Appendix/DMP.pdf, page 2>
Package pdftex.def Info: Appendix/DMP.pdf , page2 used on input line 73.
(pdftex.def)             Requested size: 597.78697pt x 773.60669pt.
File: Appendix/DMP.pdf Graphic file (type pdf)
<use Appendix/DMP.pdf, page 2>
Package pdftex.def Info: Appendix/DMP.pdf , page2 used on input line 73.
(pdftex.def)             Requested size: 597.78697pt x 773.60669pt.
[23 <./Appendix/DMP.pdf>]

pdfTeX warning: pdflatex (file ./Appendix/DMP.pdf): PDF inclusion: found PDF version <1.7>, but at most version <1.5> allowed
<Appendix/DMP.pdf, id=205, page=3, 614.295pt x 794.97pt>
File: Appendix/DMP.pdf Graphic file (type pdf)
<use Appendix/DMP.pdf, page 3>
Package pdftex.def Info: Appendix/DMP.pdf , page3 used on input line 73.
(pdftex.def)             Requested size: 597.78697pt x 773.60669pt.
File: Appendix/DMP.pdf Graphic file (type pdf)
<use Appendix/DMP.pdf, page 3>
Package pdftex.def Info: Appendix/DMP.pdf , page3 used on input line 73.
(pdftex.def)             Requested size: 597.78697pt x 773.60669pt.
File: Appendix/DMP.pdf Graphic file (type pdf)
<use Appendix/DMP.pdf, page 3>
Package pdftex.def Info: Appendix/DMP.pdf , page3 used on input line 73.
(pdftex.def)             Requested size: 597.78697pt x 773.60669pt.
[24 <./Appendix/DMP.pdf>] (./sections/Appendix.tex) [25] (./main.aux) ) 
Here is how much of TeX's memory you used:
 17248 strings out of 478238
 358825 string characters out of 5850455
 676174 words of memory out of 5000000
 35151 multiletter control sequences out of 15000+600000
 475571 words of font info for 50 fonts, out of 8000000 for 9000
 1141 hyphenation exceptions out of 8191
 99i,17n,94p,470b,926s stack positions out of 5000i,500n,10000p,200000b,80000s
{/usr/share/texmf-dist/fonts/enc/dvips/cm-super/cm-super-ts1.enc}</usr/share/texmf-dist/fonts/type1/public/amsfonts/cm/cmbx10.pfb></usr/share/texmf-dist/fonts/type1/public/amsfonts/cm/cmbx12.pfb></usr/share/texmf-dist/fonts/type1/public/amsfonts/cm/cmbx9.pfb></usr/share/texmf-dist/fonts/type1/public/amsfonts/cm/cmmi10.pfb></usr/share/texmf-dist/fonts/type1/public/amsfonts/cm/cmr10.pfb></usr/share/texmf-dist/fonts/type1/public/amsfonts/cm/cmr12.pfb></usr/share/texmf-dist/fonts/type1/public/amsfonts/cm/cmr5.pfb></usr/share/texmf-dist/fonts/type1/public/amsfonts/cm/cmr7.pfb></usr/share/texmf-dist/fonts/type1/public/amsfonts/cm/cmr9.pfb></usr/share/texmf-dist/fonts/type1/public/amsfonts/cm/cmti7.pfb></usr/share/texmf-dist/fonts/type1/public/amsfonts/cm/cmtt8.pfb></usr/share/texmf-dist/fonts/type1/public/cm-super/sfrm1000.pfb>
Output written on main.pdf (25 pages, 780836 bytes).
PDF statistics:
 266 PDF objects out of 1000 (max. 8388607)
 168 compressed objects within 2 object streams
 0 named destinations out of 1000 (max. 500000)
 168 words of extra memory for PDF output out of 10000 (max. 10000000)

