\BOOKMARK [1][-]{section.1}{\376\377\000I\000n\000t\000r\000o\000d\000u\000c\000t\000i\000o\000n}{}% 1
\BOOKMARK [1][-]{section.2}{\376\377\000B\000a\000c\000k\000g\000r\000o\000u\000n\000d}{}% 2
\BOOKMARK [2][-]{subsection.2.1}{\376\377\000T\000e\000c\000h\000n\000o\000l\000o\000g\000i\000c\000a\000l\000\040\000B\000a\000c\000k\000g\000r\000o\000u\000n\000d\000\040\000[\000A\000S\000H\000]}{section.2}% 3
\BOOKMARK [2][-]{subsection.2.2}{\376\377\000S\000u\000s\000t\000a\000i\000n\000a\000b\000i\000l\000i\000t\000y}{section.2}% 4
\BOOKMARK [3][-]{subsubsection.2.2.1}{\376\377\000S\000o\000c\000i\000a\000l\000\040\000[\000I\000P\000]}{subsection.2.2}% 5
\BOOKMARK [3][-]{subsubsection.2.2.2}{\376\377\000E\000c\000o\000n\000o\000m\000i\000c\000\040\000[\000J\000G\000,\000\040\000I\000P\000]}{subsection.2.2}% 6
\BOOKMARK [3][-]{subsubsection.2.2.3}{\376\377\000E\000n\000v\000i\000r\000o\000n\000m\000e\000n\000t\000a\000l\000\040\000[\000I\000P\000]}{subsection.2.2}% 7
\BOOKMARK [3][-]{subsubsection.2.2.4}{\376\377\000C\000i\000r\000c\000u\000l\000a\000r\000\040\000E\000c\000o\000n\000o\000m\000y\000\040\000[\000H\000H\000]}{subsection.2.2}% 8
\BOOKMARK [2][-]{subsection.2.3}{\376\377\000S\000y\000s\000t\000e\000m\000\040\000O\000v\000e\000r\000v\000i\000e\000w\000\040\000[\000I\000B\000]}{section.2}% 9
\BOOKMARK [2][-]{subsection.2.4}{\376\377\000D\000e\000p\000e\000n\000d\000e\000n\000c\000y\000\040\000T\000a\000b\000l\000e\000\040\000[\000I\000B\000]}{section.2}% 10
\BOOKMARK [2][-]{subsection.2.5}{\376\377\000M\000O\000S\000C\000O\000W\000\040\000D\000i\000a\000g\000r\000a\000m\000\040\000[\000I\000B\000]}{section.2}% 11
\BOOKMARK [2][-]{subsection.2.6}{\376\377\000S\000W\000O\000T\000\040\000A\000n\000a\000l\000y\000s\000i\000s\000\040\000[\000I\000B\000]}{section.2}% 12
\BOOKMARK [2][-]{subsection.2.7}{\376\377\000C\000l\000i\000e\000n\000t\000\040\000R\000e\000q\000u\000i\000r\000e\000m\000e\000n\000t\000s\000\040\000[\000I\000B\000]}{section.2}% 13
\BOOKMARK [2][-]{subsection.2.8}{\376\377\000P\000h\000a\000s\000e\000\040\000D\000i\000a\000g\000r\000a\000m\000\040\000[\000I\000B\000]}{section.2}% 14
\BOOKMARK [1][-]{section.3}{\376\377\000H\000a\000r\000d\000w\000a\000r\000e}{}% 15
\BOOKMARK [2][-]{subsection.3.1}{\376\377\000H\000a\000r\000d\000w\000a\000r\000e\000\040\000O\000v\000e\000r\000v\000i\000e\000w}{section.3}% 16
\BOOKMARK [2][-]{subsection.3.2}{\376\377\000P\000o\000w\000e\000r\000\040\000D\000i\000s\000t\000r\000i\000b\000u\000t\000i\000o\000n\000\040\000[\000A\000S\000H\000]}{section.3}% 17
\BOOKMARK [2][-]{subsection.3.3}{\376\377\000P\000I\000\040\000H\000A\000T\000\040\000[\000A\000S\000H\000]}{section.3}% 18
\BOOKMARK [2][-]{subsection.3.4}{\376\377\000W\000e\000i\000g\000h\000t\000\040\000S\000e\000n\000s\000o\000r\000\040\000[\000I\000B\000]}{section.3}% 19
\BOOKMARK [2][-]{subsection.3.5}{\376\377\000E\000S\000P\000-\0003\0002\000\040\000W\000r\000o\000v\000e\000r\000\040\000D\000e\000v\000-\000B\000o\000a\000r\000d\000\040\000C\000a\000m\000e\000r\000a\000\040\000[\000I\000B\000]}{section.3}% 20
\BOOKMARK [2][-]{subsection.3.6}{\376\377\000B\000u\000z\000z\000e\000r\000\040\000[\000I\000B\000]}{section.3}% 21
\BOOKMARK [2][-]{subsection.3.7}{\376\377\000H\000A\000L\000\040\000S\000e\000n\000s\000o\000r\000\040\000[\000Y\000J\000]}{section.3}% 22
\BOOKMARK [3][-]{subsubsection.3.7.1}{\376\377\000L\000E\000D\000s\000\040\000[\000H\000H\000]}{subsection.3.7}% 23
\BOOKMARK [1][-]{section.4}{\376\377\000S\000o\000f\000t\000w\000a\000r\000e}{}% 24
\BOOKMARK [2][-]{subsection.4.1}{\376\377\000E\000S\000P\0003\0002\000\040\000F\000i\000r\000m\000w\000a\000r\000e\000\040\000C\000o\000d\000e\000[\000Y\000J\000]}{section.4}% 25
\BOOKMARK [3][-]{subsubsection.4.1.1}{\376\377\000R\000T\000O\000S\000\040\000[\000Y\000J\000]}{subsection.4.1}% 26
\BOOKMARK [3][-]{subsubsection.4.1.2}{\376\377\000S\000o\000f\000t\000w\000a\000r\000e\000\040\000T\000i\000m\000e\000r\000\040\000[\000Y\000J\000]}{subsection.4.1}% 27
\BOOKMARK [3][-]{subsubsection.4.1.3}{\376\377\000E\000S\000P\000-\000P\000i\000\040\000C\000o\000m\000m\000u\000n\000i\000c\000a\000t\000i\000o\000n\000\040\000[\000Y\000J\000]}{subsection.4.1}% 28
\BOOKMARK [2][-]{subsection.4.2}{\376\377\000R\000a\000s\000p\000b\000e\000r\000r\000y\000\040\000P\000i\000\040\000O\000v\000e\000r\000v\000i\000e\000w\000\040\000[\000A\000W\000]}{section.4}% 29
\BOOKMARK [3][-]{subsubsection.4.2.1}{\376\377\000P\000i\000\040\000O\000b\000j\000e\000c\000t\000\040\000a\000n\000d\000\040\000c\000h\000a\000r\000a\000c\000t\000e\000r\000\040\000r\000e\000c\000o\000g\000n\000i\000t\000i\000o\000n\000\040\000[\000I\000B\000]}{subsection.4.2}% 30
\BOOKMARK [3][-]{subsubsection.4.2.2}{\376\377\000E\000x\000p\000i\000r\000a\000t\000i\000o\000n\000\040\000D\000a\000t\000e\000\040\000-\000\040\000C\000h\000a\000r\000a\000c\000t\000e\000r\000\040\000R\000e\000c\000o\000g\000n\000i\000t\000i\000o\000n\000\040\000[\000I\000P\000]}{subsection.4.2}% 31
\BOOKMARK [3][-]{subsubsection.4.2.3}{\376\377\000P\000r\000o\000d\000u\000c\000t\000\040\000d\000e\000t\000e\000c\000t\000i\000o\000n\000\040\040\023\000\040\000O\000b\000j\000e\000c\000t\000\040\000r\000e\000c\000o\000g\000n\000i\000t\000i\000o\000n\000\040\000[\000I\000P\000]}{subsection.4.2}% 32
\BOOKMARK [3][-]{subsubsection.4.2.4}{\376\377\000B\000a\000c\000k\000g\000r\000o\000u\000n\000d\000\040\000t\000h\000e\000o\000r\000y\000\040\000o\000n\000\040\000d\000e\000s\000i\000g\000n\000\040\000i\000m\000p\000l\000e\000m\000e\000n\000t\000a\000t\000i\000o\000n\000\040\000[\000I\000P\000]}{subsection.4.2}% 33
\BOOKMARK [3][-]{subsubsection.4.2.5}{\376\377\000P\000r\000e\000-\000p\000r\000o\000c\000e\000s\000s\000i\000n\000g\000\040\000o\000f\000\040\000t\000h\000e\000\040\000d\000a\000t\000a\000s\000e\000t\000\040\000[\000I\000P\000]}{subsection.4.2}% 34
\BOOKMARK [3][-]{subsubsection.4.2.6}{\376\377\000M\000o\000d\000e\000l\000\040\000a\000r\000c\000h\000i\000t\000e\000c\000t\000u\000r\000e\000\040\000[\000I\000P\000]}{subsection.4.2}% 35
\BOOKMARK [3][-]{subsubsection.4.2.7}{\376\377\000E\000x\000p\000i\000r\000a\000t\000i\000o\000n\000\040\000D\000a\000t\000e\000\040\000E\000v\000a\000l\000u\000a\000t\000i\000o\000n\000\040\000[\000I\000P\000]}{subsection.4.2}% 36
\BOOKMARK [3][-]{subsubsection.4.2.8}{\376\377\000P\000r\000o\000d\000u\000c\000t\000\040\000D\000e\000t\000e\000c\000t\000i\000o\000n\000\040\000E\000v\000a\000l\000u\000a\000t\000i\000o\000n\000\040\000[\000I\000P\000]}{subsection.4.2}% 37
\BOOKMARK [3][-]{subsubsection.4.2.9}{\376\377\000B\000a\000r\000c\000o\000d\000e\000\040\000D\000e\000t\000e\000c\000t\000i\000o\000n\000\040\000[\000J\000G\000]}{subsection.4.2}% 38
\BOOKMARK [3][-]{subsubsection.4.2.10}{\376\377\000P\000i\000\040\000C\000a\000m\000e\000r\000a\000\040\000[\000A\000W\000]}{subsection.4.2}% 39
\BOOKMARK [3][-]{subsubsection.4.2.11}{\376\377\000P\000i\000\040\000S\000e\000r\000i\000a\000l\000\040\000I\000n\000p\000u\000t\000\040\000[\000A\000W\000]}{subsection.4.2}% 40
\BOOKMARK [3][-]{subsubsection.4.2.12}{\376\377\000P\000i\000\040\000C\000o\000m\000m\000u\000n\000i\000c\000a\000t\000i\000o\000n\000s\000\040\000[\000A\000S\000H\000]}{subsection.4.2}% 41
\BOOKMARK [3][-]{subsubsection.4.2.13}{\376\377\000P\000i\000\040\000I\000n\000t\000e\000g\000r\000a\000t\000i\000o\000n\000\040\000[\000A\000W\000]}{subsection.4.2}% 42
\BOOKMARK [3][-]{subsubsection.4.2.14}{\376\377\000C\000o\000d\000e\000\040\000R\000e\000f\000a\000c\000t\000o\000r\000\040\000[\000A\000S\000H\000,\000\040\000A\000W\000]}{subsection.4.2}% 43
\BOOKMARK [2][-]{subsection.4.3}{\376\377\000B\000a\000c\000k\000-\000E\000n\000d\000\040\000[\000A\000S\000H\000]}{section.4}% 44
\BOOKMARK [2][-]{subsection.4.4}{\376\377\000A\000p\000p\000\040\000[\000A\000S\000H\000]}{section.4}% 45
\BOOKMARK [2][-]{subsection.4.5}{\376\377\000W\000e\000b\000s\000i\000t\000e\000\040\000[\000H\000H\000]}{section.4}% 46
\BOOKMARK [3][-]{subsubsection.4.5.1}{\376\377\000U\000s\000e\000r\000\040\000L\000o\000g\000i\000n\000\040\000[\000H\000H\000]}{subsection.4.5}% 47
\BOOKMARK [3][-]{subsubsection.4.5.2}{\376\377\000H\000o\000m\000e\000\040\000P\000a\000g\000e\000\040\000[\000H\000H\000]}{subsection.4.5}% 48
\BOOKMARK [3][-]{subsubsection.4.5.3}{\376\377\000F\000e\000t\000c\000h\000i\000n\000g\000\040\000D\000a\000t\000a\000\040\000[\000H\000H\000]}{subsection.4.5}% 49
\BOOKMARK [3][-]{subsubsection.4.5.4}{\376\377\000I\000n\000v\000e\000n\000t\000o\000r\000y\000\040\000t\000a\000b\000l\000e\000\040\000[\000H\000H\000]}{subsection.4.5}% 50
\BOOKMARK [3][-]{subsubsection.4.5.5}{\376\377\000A\000d\000d\000i\000n\000g\000\040\000R\000e\000c\000o\000r\000d\000s\000\040\000[\000H\000H\000]}{subsection.4.5}% 51
\BOOKMARK [3][-]{subsubsection.4.5.6}{\376\377\000D\000e\000l\000e\000t\000i\000n\000g\000\040\000R\000e\000c\000o\000r\000d\000s\000\040\000[\000H\000H\000]}{subsection.4.5}% 52
\BOOKMARK [3][-]{subsubsection.4.5.7}{\376\377\000S\000e\000a\000r\000c\000h\000i\000n\000g\000\040\000f\000o\000r\000\040\000R\000e\000c\000i\000p\000e\000s\000\040\000[\000H\000H\000]}{subsection.4.5}% 53
\BOOKMARK [3][-]{subsubsection.4.5.8}{\376\377\000D\000e\000v\000e\000l\000o\000p\000m\000e\000n\000t\000s\000\040\000[\000H\000H\000]}{subsection.4.5}% 54
\BOOKMARK [1][-]{section.5}{\376\377\000E\000n\000c\000l\000o\000s\000u\000r\000e}{}% 55
\BOOKMARK [2][-]{subsection.5.1}{\376\377\000P\000r\000o\000t\000o\000t\000y\000p\000e\000\040\0001\000\040\000[\000J\000G\000]}{section.5}% 56
\BOOKMARK [2][-]{subsection.5.2}{\376\377\000P\000r\000o\000t\000o\000t\000y\000p\000e\000\040\0002\000\040\000[\000Y\000J\000]}{section.5}% 57
\BOOKMARK [1][-]{section.6}{\376\377\000R\000e\000f\000l\000e\000c\000t\000i\000o\000n\000s}{}% 58
\BOOKMARK [2][-]{subsection.6.1}{\376\377\000T\000e\000a\000m\000\040\000O\000r\000g\000a\000n\000i\000z\000a\000t\000i\000o\000n}{section.6}% 59
\BOOKMARK [2][-]{subsection.6.2}{\376\377\000I\000s\000a\000a\000c\000\040\000B\000a\000g\000l\000i\000n\000\040\000[\000I\000B\000]}{section.6}% 60
\BOOKMARK [2][-]{subsection.6.3}{\376\377\000J\000a\000m\000i\000e\000\040\000G\000o\000m\000e\000z\000\040\000[\000J\000G\000]}{section.6}% 61
\BOOKMARK [2][-]{subsection.6.4}{\376\377\000H\000a\000m\000z\000a\000h\000\040\000H\000a\000s\000n\000a\000i\000n\000\040\000[\000H\000H\000]}{section.6}% 62
\BOOKMARK [2][-]{subsection.6.5}{\376\377\000I\000o\000a\000n\000n\000a\000\040\000P\000a\000p\000a\000n\000i\000k\000o\000l\000a\000o\000u\000\040\000[\000I\000P\000]}{section.6}% 63
\BOOKMARK [2][-]{subsection.6.6}{\376\377\000Y\000o\000h\000a\000n\000\040\000J\000o\000h\000n\000\040\000[\000Y\000J\000]}{section.6}% 64
\BOOKMARK [2][-]{subsection.6.7}{\376\377\000A\000l\000e\000x\000a\000n\000d\000r\000e\000\040\000S\000y\000m\000e\000o\000n\000i\000d\000i\000s\000-\000H\000e\000r\000z\000i\000g\000\040\000[\000A\000S\000H\000]}{section.6}% 65
\BOOKMARK [2][-]{subsection.6.8}{\376\377\000A\000l\000f\000i\000e\000\040\000W\000a\000l\000d\000i\000n\000g\000\040\000[\000A\000W\000]}{section.6}% 66
\BOOKMARK [2][-]{subsection.6.9}{\376\377\000G\000r\000o\000u\000p\000\040\000R\000e\000f\000l\000e\000c\000t\000i\000o\000n}{section.6}% 67
\BOOKMARK [1][-]{appendix.A}{\376\377\000B\000i\000b\000l\000i\000o\000g\000r\000a\000p\000h\000y}{}% 68
\BOOKMARK [1][-]{appendix.B}{\376\377\000M\000e\000e\000t\000i\000n\000g\000\040\000N\000o\000t\000e\000s}{}% 69
\BOOKMARK [1][-]{appendix.C}{\376\377\000A\000d\000d\000i\000t\000i\000o\000n\000a\000l\000\040\000I\000m\000a\000g\000e\000s}{}% 70
\BOOKMARK [2][-]{subsection.C.1}{\376\377\000C\000i\000r\000c\000u\000i\000t\000\040\000S\000c\000h\000e\000m\000a\000t\000i\000c}{appendix.C}% 71
\BOOKMARK [1][-]{appendix.D}{\376\377\000A\000d\000d\000i\000t\000i\000o\000n\000a\000l\000\040\000F\000o\000r\000m\000s}{}% 72
